[5.666s] DEBUG:colcon:Command line arguments: ['/usr/bin/colcon', 'build']
[5.666s] DEBUG:colcon:Parsed command line arguments: Namespace(allow_overriding=[], ament_cmake_args=None, base_paths=['.'], build_base='build', catkin_cmake_args=None, catkin_skip_building_tests=False, cmake_args=None, cmake_clean_cache=False, cmake_clean_first=False, cmake_force_configure=False, cmake_target=None, cmake_target_skip_unavailable=False, continue_on_error=False, event_handlers=None, executor='parallel', ignore_user_meta=False, install_base='install', log_base=None, log_level=None, main=<bound method BuildVerb.main of <colcon_core.verb.build.BuildVerb object at 0xffffaaec37f0>>, merge_install=False, metas=['./colcon.meta'], packages_above=None, packages_above_and_dependencies=None, packages_above_depth=None, packages_end=None, packages_ignore=None, packages_ignore_regex=None, packages_select=None, packages_select_build_failed=False, packages_select_by_dep=None, packages_select_regex=None, packages_select_test_failures=False, packages_skip=None, packages_skip_build_finished=False, packages_skip_by_dep=None, packages_skip_regex=None, packages_skip_test_passed=False, packages_skip_up_to=None, packages_start=None, packages_up_to=None, packages_up_to_regex=None, parallel_workers=6, paths=None, symlink_install=False, test_result_base=None, verb_extension=<colcon_core.verb.build.BuildVerb object at 0xffffaaec37f0>, verb_name='build', verb_parser=<colcon_defaults.argument_parser.defaults.DefaultArgumentsDecorator object at 0xffffaa8921c0>)
[5.910s] Level 1:colcon.colcon_core.package_discovery:discover_packages(colcon_meta) check parameters
[5.910s] Level 1:colcon.colcon_core.package_discovery:discover_packages(recursive) check parameters
[5.910s] Level 1:colcon.colcon_core.package_discovery:discover_packages(ignore) check parameters
[5.910s] Level 1:colcon.colcon_core.package_discovery:discover_packages(path) check parameters
[5.910s] Level 1:colcon.colcon_core.package_discovery:discover_packages(colcon_meta) discover
[5.910s] Level 1:colcon.colcon_core.package_discovery:discover_packages(recursive) discover
[5.910s] INFO:colcon.colcon_core.package_discovery:Crawling recursively for packages in '/home/f1tenth/zed-ros2-wrapper-foxy-v3.7'
[5.911s] Level 1:colcon.colcon_core.package_identification:_identify(.) by extensions ['ignore', 'ignore_ament_install']
[5.911s] Level 1:colcon.colcon_core.package_identification:_identify(.) by extension 'ignore'
[5.911s] Level 1:colcon.colcon_core.package_identification:_identify(.) by extension 'ignore_ament_install'
[5.911s] Level 1:colcon.colcon_core.package_identification:_identify(.) by extensions ['colcon_pkg']
[5.911s] Level 1:colcon.colcon_core.package_identification:_identify(.) by extension 'colcon_pkg'
[5.911s] Level 1:colcon.colcon_core.package_identification:_identify(.) by extensions ['colcon_meta']
[5.911s] Level 1:colcon.colcon_core.package_identification:_identify(.) by extension 'colcon_meta'
[5.911s] Level 1:colcon.colcon_core.package_identification:_identify(.) by extensions ['ros']
[5.912s] Level 1:colcon.colcon_core.package_identification:_identify(.) by extension 'ros'
[5.942s] Level 1:colcon.colcon_core.package_identification:_identify(.) by extensions ['cmake', 'python']
[5.942s] Level 1:colcon.colcon_core.package_identification:_identify(.) by extension 'cmake'
[5.942s] Level 1:colcon.colcon_core.package_identification:_identify(.) by extension 'python'
[5.942s] Level 1:colcon.colcon_core.package_identification:_identify(.) by extensions ['python_setup_py']
[5.942s] Level 1:colcon.colcon_core.package_identification:_identify(.) by extension 'python_setup_py'
[5.943s] Level 1:colcon.colcon_core.package_identification:_identify(build) by extensions ['ignore', 'ignore_ament_install']
[5.943s] Level 1:colcon.colcon_core.package_identification:_identify(build) by extension 'ignore'
[5.943s] Level 1:colcon.colcon_core.package_identification:_identify(build) ignored
[5.943s] Level 1:colcon.colcon_core.package_identification:_identify(install) by extensions ['ignore', 'ignore_ament_install']
[5.943s] Level 1:colcon.colcon_core.package_identification:_identify(install) by extension 'ignore'
[5.943s] Level 1:colcon.colcon_core.package_identification:_identify(install) ignored
[5.944s] Level 1:colcon.colcon_core.package_identification:_identify(log) by extensions ['ignore', 'ignore_ament_install']
[5.944s] Level 1:colcon.colcon_core.package_identification:_identify(log) by extension 'ignore'
[5.944s] Level 1:colcon.colcon_core.package_identification:_identify(log) ignored
[5.944s] Level 1:colcon.colcon_core.package_identification:_identify(src) by extensions ['ignore', 'ignore_ament_install']
[5.944s] Level 1:colcon.colcon_core.package_identification:_identify(src) by extension 'ignore'
[5.944s] Level 1:colcon.colcon_core.package_identification:_identify(src) by extension 'ignore_ament_install'
[5.945s] Level 1:colcon.colcon_core.package_identification:_identify(src) by extensions ['colcon_pkg']
[5.945s] Level 1:colcon.colcon_core.package_identification:_identify(src) by extension 'colcon_pkg'
[5.945s] Level 1:colcon.colcon_core.package_identification:_identify(src) by extensions ['colcon_meta']
[5.945s] Level 1:colcon.colcon_core.package_identification:_identify(src) by extension 'colcon_meta'
[5.945s] Level 1:colcon.colcon_core.package_identification:_identify(src) by extensions ['ros']
[5.945s] Level 1:colcon.colcon_core.package_identification:_identify(src) by extension 'ros'
[5.945s] Level 1:colcon.colcon_core.package_identification:_identify(src) by extensions ['cmake', 'python']
[5.945s] Level 1:colcon.colcon_core.package_identification:_identify(src) by extension 'cmake'
[5.945s] Level 1:colcon.colcon_core.package_identification:_identify(src) by extension 'python'
[5.945s] Level 1:colcon.colcon_core.package_identification:_identify(src) by extensions ['python_setup_py']
[5.945s] Level 1:colcon.colcon_core.package_identification:_identify(src) by extension 'python_setup_py'
[5.946s] Level 1:colcon.colcon_core.package_identification:_identify(src/docker) by extensions ['ignore', 'ignore_ament_install']
[5.946s] Level 1:colcon.colcon_core.package_identification:_identify(src/docker) by extension 'ignore'
[5.946s] Level 1:colcon.colcon_core.package_identification:_identify(src/docker) by extension 'ignore_ament_install'
[5.946s] Level 1:colcon.colcon_core.package_identification:_identify(src/docker) by extensions ['colcon_pkg']
[5.946s] Level 1:colcon.colcon_core.package_identification:_identify(src/docker) by extension 'colcon_pkg'
[5.946s] Level 1:colcon.colcon_core.package_identification:_identify(src/docker) by extensions ['colcon_meta']
[5.946s] Level 1:colcon.colcon_core.package_identification:_identify(src/docker) by extension 'colcon_meta'
[5.946s] Level 1:colcon.colcon_core.package_identification:_identify(src/docker) by extensions ['ros']
[5.946s] Level 1:colcon.colcon_core.package_identification:_identify(src/docker) by extension 'ros'
[5.947s] Level 1:colcon.colcon_core.package_identification:_identify(src/docker) by extensions ['cmake', 'python']
[5.947s] Level 1:colcon.colcon_core.package_identification:_identify(src/docker) by extension 'cmake'
[5.947s] Level 1:colcon.colcon_core.package_identification:_identify(src/docker) by extension 'python'
[5.947s] Level 1:colcon.colcon_core.package_identification:_identify(src/docker) by extensions ['python_setup_py']
[5.947s] Level 1:colcon.colcon_core.package_identification:_identify(src/docker) by extension 'python_setup_py'
[5.947s] Level 1:colcon.colcon_core.package_identification:_identify(src/images) by extensions ['ignore', 'ignore_ament_install']
[5.947s] Level 1:colcon.colcon_core.package_identification:_identify(src/images) by extension 'ignore'
[5.947s] Level 1:colcon.colcon_core.package_identification:_identify(src/images) by extension 'ignore_ament_install'
[5.948s] Level 1:colcon.colcon_core.package_identification:_identify(src/images) by extensions ['colcon_pkg']
[5.948s] Level 1:colcon.colcon_core.package_identification:_identify(src/images) by extension 'colcon_pkg'
[5.948s] Level 1:colcon.colcon_core.package_identification:_identify(src/images) by extensions ['colcon_meta']
[5.948s] Level 1:colcon.colcon_core.package_identification:_identify(src/images) by extension 'colcon_meta'
[5.948s] Level 1:colcon.colcon_core.package_identification:_identify(src/images) by extensions ['ros']
[5.948s] Level 1:colcon.colcon_core.package_identification:_identify(src/images) by extension 'ros'
[5.948s] Level 1:colcon.colcon_core.package_identification:_identify(src/images) by extensions ['cmake', 'python']
[5.948s] Level 1:colcon.colcon_core.package_identification:_identify(src/images) by extension 'cmake'
[5.948s] Level 1:colcon.colcon_core.package_identification:_identify(src/images) by extension 'python'
[5.948s] Level 1:colcon.colcon_core.package_identification:_identify(src/images) by extensions ['python_setup_py']
[5.948s] Level 1:colcon.colcon_core.package_identification:_identify(src/images) by extension 'python_setup_py'
[5.949s] Level 1:colcon.colcon_core.package_identification:_identify(src/zed-ros2-interfaces) by extensions ['ignore', 'ignore_ament_install']
[5.949s] Level 1:colcon.colcon_core.package_identification:_identify(src/zed-ros2-interfaces) by extension 'ignore'
[5.949s] Level 1:colcon.colcon_core.package_identification:_identify(src/zed-ros2-interfaces) by extension 'ignore_ament_install'
[5.949s] Level 1:colcon.colcon_core.package_identification:_identify(src/zed-ros2-interfaces) by extensions ['colcon_pkg']
[5.950s] Level 1:colcon.colcon_core.package_identification:_identify(src/zed-ros2-interfaces) by extension 'colcon_pkg'
[5.950s] Level 1:colcon.colcon_core.package_identification:_identify(src/zed-ros2-interfaces) by extensions ['colcon_meta']
[5.950s] Level 1:colcon.colcon_core.package_identification:_identify(src/zed-ros2-interfaces) by extension 'colcon_meta'
[5.950s] Level 1:colcon.colcon_core.package_identification:_identify(src/zed-ros2-interfaces) by extensions ['ros']
[5.950s] Level 1:colcon.colcon_core.package_identification:_identify(src/zed-ros2-interfaces) by extension 'ros'
[5.950s] Level 1:colcon.colcon_core.package_identification:_identify(src/zed-ros2-interfaces) by extensions ['cmake', 'python']
[5.950s] Level 1:colcon.colcon_core.package_identification:_identify(src/zed-ros2-interfaces) by extension 'cmake'
[5.950s] Level 1:colcon.colcon_core.package_identification:_identify(src/zed-ros2-interfaces) by extension 'python'
[5.950s] Level 1:colcon.colcon_core.package_identification:_identify(src/zed-ros2-interfaces) by extensions ['python_setup_py']
[5.950s] Level 1:colcon.colcon_core.package_identification:_identify(src/zed-ros2-interfaces) by extension 'python_setup_py'
[5.951s] Level 1:colcon.colcon_core.package_identification:_identify(src/zed_components) by extensions ['ignore', 'ignore_ament_install']
[5.951s] Level 1:colcon.colcon_core.package_identification:_identify(src/zed_components) by extension 'ignore'
[5.951s] Level 1:colcon.colcon_core.package_identification:_identify(src/zed_components) by extension 'ignore_ament_install'
[5.951s] Level 1:colcon.colcon_core.package_identification:_identify(src/zed_components) by extensions ['colcon_pkg']
[5.951s] Level 1:colcon.colcon_core.package_identification:_identify(src/zed_components) by extension 'colcon_pkg'
[5.951s] Level 1:colcon.colcon_core.package_identification:_identify(src/zed_components) by extensions ['colcon_meta']
[5.951s] Level 1:colcon.colcon_core.package_identification:_identify(src/zed_components) by extension 'colcon_meta'
[5.951s] Level 1:colcon.colcon_core.package_identification:_identify(src/zed_components) by extensions ['ros']
[5.951s] Level 1:colcon.colcon_core.package_identification:_identify(src/zed_components) by extension 'ros'
[5.958s] DEBUG:colcon.colcon_core.package_identification:Package 'src/zed_components' with type 'ros.ament_cmake' and name 'zed_components'
[5.958s] Level 1:colcon.colcon_core.package_identification:_identify(src/zed_ros2) by extensions ['ignore', 'ignore_ament_install']
[5.958s] Level 1:colcon.colcon_core.package_identification:_identify(src/zed_ros2) by extension 'ignore'
[5.958s] Level 1:colcon.colcon_core.package_identification:_identify(src/zed_ros2) by extension 'ignore_ament_install'
[5.959s] Level 1:colcon.colcon_core.package_identification:_identify(src/zed_ros2) by extensions ['colcon_pkg']
[5.959s] Level 1:colcon.colcon_core.package_identification:_identify(src/zed_ros2) by extension 'colcon_pkg'
[5.959s] Level 1:colcon.colcon_core.package_identification:_identify(src/zed_ros2) by extensions ['colcon_meta']
[5.959s] Level 1:colcon.colcon_core.package_identification:_identify(src/zed_ros2) by extension 'colcon_meta'
[5.959s] Level 1:colcon.colcon_core.package_identification:_identify(src/zed_ros2) by extensions ['ros']
[5.959s] Level 1:colcon.colcon_core.package_identification:_identify(src/zed_ros2) by extension 'ros'
[5.960s] DEBUG:colcon.colcon_core.package_identification:Package 'src/zed_ros2' with type 'ros.ament_cmake' and name 'zed_ros2'
[5.960s] Level 1:colcon.colcon_core.package_identification:_identify(src/zed_wrapper) by extensions ['ignore', 'ignore_ament_install']
[5.961s] Level 1:colcon.colcon_core.package_identification:_identify(src/zed_wrapper) by extension 'ignore'
[5.961s] Level 1:colcon.colcon_core.package_identification:_identify(src/zed_wrapper) by extension 'ignore_ament_install'
[5.961s] Level 1:colcon.colcon_core.package_identification:_identify(src/zed_wrapper) by extensions ['colcon_pkg']
[5.961s] Level 1:colcon.colcon_core.package_identification:_identify(src/zed_wrapper) by extension 'colcon_pkg'
[5.961s] Level 1:colcon.colcon_core.package_identification:_identify(src/zed_wrapper) by extensions ['colcon_meta']
[5.961s] Level 1:colcon.colcon_core.package_identification:_identify(src/zed_wrapper) by extension 'colcon_meta'
[5.961s] Level 1:colcon.colcon_core.package_identification:_identify(src/zed_wrapper) by extensions ['ros']
[5.961s] Level 1:colcon.colcon_core.package_identification:_identify(src/zed_wrapper) by extension 'ros'
[5.963s] DEBUG:colcon.colcon_core.package_identification:Package 'src/zed_wrapper' with type 'ros.ament_cmake' and name 'zed_wrapper'
[5.963s] Level 1:colcon.colcon_core.package_discovery:discover_packages(recursive) using defaults
[5.963s] Level 1:colcon.colcon_core.package_discovery:discover_packages(ignore) discover
[5.963s] Level 1:colcon.colcon_core.package_discovery:discover_packages(ignore) using defaults
[5.963s] Level 1:colcon.colcon_core.package_discovery:discover_packages(path) discover
[5.963s] Level 1:colcon.colcon_core.package_discovery:discover_packages(path) using defaults
[6.137s] Level 1:colcon.colcon_core.package_discovery:discover_packages(prefix_path) check parameters
[6.137s] Level 1:colcon.colcon_core.package_discovery:discover_packages(prefix_path) discover
[6.193s] DEBUG:colcon.colcon_installed_package_information.package_discovery:Found 309 installed packages in /opt/ros/foxy
[6.196s] Level 1:colcon.colcon_core.package_discovery:discover_packages(prefix_path) using defaults
[6.450s] Level 5:colcon.colcon_core.verb:set package 'zed_components' build argument 'cmake_args' from command line to 'None'
[6.450s] Level 5:colcon.colcon_core.verb:set package 'zed_components' build argument 'cmake_target' from command line to 'None'
[6.451s] Level 5:colcon.colcon_core.verb:set package 'zed_components' build argument 'cmake_target_skip_unavailable' from command line to 'False'
[6.451s] Level 5:colcon.colcon_core.verb:set package 'zed_components' build argument 'cmake_clean_cache' from command line to 'False'
[6.451s] Level 5:colcon.colcon_core.verb:set package 'zed_components' build argument 'cmake_clean_first' from command line to 'False'
[6.451s] Level 5:colcon.colcon_core.verb:set package 'zed_components' build argument 'cmake_force_configure' from command line to 'False'
[6.451s] Level 5:colcon.colcon_core.verb:set package 'zed_components' build argument 'ament_cmake_args' from command line to 'None'
[6.451s] Level 5:colcon.colcon_core.verb:set package 'zed_components' build argument 'catkin_cmake_args' from command line to 'None'
[6.451s] Level 5:colcon.colcon_core.verb:set package 'zed_components' build argument 'catkin_skip_building_tests' from command line to 'False'
[6.451s] DEBUG:colcon.colcon_core.verb:Building package 'zed_components' with the following arguments: {'ament_cmake_args': None, 'build_base': '/home/f1tenth/zed-ros2-wrapper-foxy-v3.7/build/zed_components', 'catkin_cmake_args': None, 'catkin_skip_building_tests': False, 'cmake_args': None, 'cmake_clean_cache': False, 'cmake_clean_first': False, 'cmake_force_configure': False, 'cmake_target': None, 'cmake_target_skip_unavailable': False, 'install_base': '/home/f1tenth/zed-ros2-wrapper-foxy-v3.7/install/zed_components', 'merge_install': False, 'path': '/home/f1tenth/zed-ros2-wrapper-foxy-v3.7/src/zed_components', 'symlink_install': False, 'test_result_base': None}
[6.480s] Level 5:colcon.colcon_core.verb:set package 'zed_wrapper' build argument 'cmake_args' from command line to 'None'
[6.480s] Level 5:colcon.colcon_core.verb:set package 'zed_wrapper' build argument 'cmake_target' from command line to 'None'
[6.480s] Level 5:colcon.colcon_core.verb:set package 'zed_wrapper' build argument 'cmake_target_skip_unavailable' from command line to 'False'
[6.480s] Level 5:colcon.colcon_core.verb:set package 'zed_wrapper' build argument 'cmake_clean_cache' from command line to 'False'
[6.480s] Level 5:colcon.colcon_core.verb:set package 'zed_wrapper' build argument 'cmake_clean_first' from command line to 'False'
[6.480s] Level 5:colcon.colcon_core.verb:set package 'zed_wrapper' build argument 'cmake_force_configure' from command line to 'False'
[6.480s] Level 5:colcon.colcon_core.verb:set package 'zed_wrapper' build argument 'ament_cmake_args' from command line to 'None'
[6.480s] Level 5:colcon.colcon_core.verb:set package 'zed_wrapper' build argument 'catkin_cmake_args' from command line to 'None'
[6.480s] Level 5:colcon.colcon_core.verb:set package 'zed_wrapper' build argument 'catkin_skip_building_tests' from command line to 'False'
[6.481s] DEBUG:colcon.colcon_core.verb:Building package 'zed_wrapper' with the following arguments: {'ament_cmake_args': None, 'build_base': '/home/f1tenth/zed-ros2-wrapper-foxy-v3.7/build/zed_wrapper', 'catkin_cmake_args': None, 'catkin_skip_building_tests': False, 'cmake_args': None, 'cmake_clean_cache': False, 'cmake_clean_first': False, 'cmake_force_configure': False, 'cmake_target': None, 'cmake_target_skip_unavailable': False, 'install_base': '/home/f1tenth/zed-ros2-wrapper-foxy-v3.7/install/zed_wrapper', 'merge_install': False, 'path': '/home/f1tenth/zed-ros2-wrapper-foxy-v3.7/src/zed_wrapper', 'symlink_install': False, 'test_result_base': None}
[6.508s] Level 5:colcon.colcon_core.verb:set package 'zed_ros2' build argument 'cmake_args' from command line to 'None'
[6.508s] Level 5:colcon.colcon_core.verb:set package 'zed_ros2' build argument 'cmake_target' from command line to 'None'
[6.508s] Level 5:colcon.colcon_core.verb:set package 'zed_ros2' build argument 'cmake_target_skip_unavailable' from command line to 'False'
[6.508s] Level 5:colcon.colcon_core.verb:set package 'zed_ros2' build argument 'cmake_clean_cache' from command line to 'False'
[6.508s] Level 5:colcon.colcon_core.verb:set package 'zed_ros2' build argument 'cmake_clean_first' from command line to 'False'
[6.508s] Level 5:colcon.colcon_core.verb:set package 'zed_ros2' build argument 'cmake_force_configure' from command line to 'False'
[6.508s] Level 5:colcon.colcon_core.verb:set package 'zed_ros2' build argument 'ament_cmake_args' from command line to 'None'
[6.508s] Level 5:colcon.colcon_core.verb:set package 'zed_ros2' build argument 'catkin_cmake_args' from command line to 'None'
[6.508s] Level 5:colcon.colcon_core.verb:set package 'zed_ros2' build argument 'catkin_skip_building_tests' from command line to 'False'
[6.508s] DEBUG:colcon.colcon_core.verb:Building package 'zed_ros2' with the following arguments: {'ament_cmake_args': None, 'build_base': '/home/f1tenth/zed-ros2-wrapper-foxy-v3.7/build/zed_ros2', 'catkin_cmake_args': None, 'catkin_skip_building_tests': False, 'cmake_args': None, 'cmake_clean_cache': False, 'cmake_clean_first': False, 'cmake_force_configure': False, 'cmake_target': None, 'cmake_target_skip_unavailable': False, 'install_base': '/home/f1tenth/zed-ros2-wrapper-foxy-v3.7/install/zed_ros2', 'merge_install': False, 'path': '/home/f1tenth/zed-ros2-wrapper-foxy-v3.7/src/zed_ros2', 'symlink_install': False, 'test_result_base': None}
[6.535s] INFO:colcon.colcon_core.executor:Executing jobs using 'parallel' executor
[6.564s] DEBUG:colcon.colcon_parallel_executor.executor.parallel:run_until_complete
[6.565s] INFO:colcon.colcon_ros.task.ament_cmake.build:Building ROS package in '/home/f1tenth/zed-ros2-wrapper-foxy-v3.7/src/zed_components' with build type 'ament_cmake'
[6.565s] INFO:colcon.colcon_cmake.task.cmake.build:Building CMake package in '/home/f1tenth/zed-ros2-wrapper-foxy-v3.7/src/zed_components'
[6.597s] INFO:colcon.colcon_core.plugin_system:Skipping extension 'colcon_core.shell.bat': Not used on non-Windows systems
[6.598s] INFO:colcon.colcon_core.shell:Skip shell extension 'powershell' for command environment: Not usable outside of PowerShell
[6.598s] DEBUG:colcon.colcon_core.shell:Skip shell extension 'dsv' for command environment
[6.673s] DEBUG:colcon.colcon_core.event_handler.log_command:Invoking command in '/home/f1tenth/zed-ros2-wrapper-foxy-v3.7/build/zed_components': CMAKE_PREFIX_PATH=/opt/ros/foxy /usr/bin/cmake /home/f1tenth/zed-ros2-wrapper-foxy-v3.7/src/zed_components -DCMAKE_INSTALL_PREFIX=/home/f1tenth/zed-ros2-wrapper-foxy-v3.7/install/zed_components
[12.581s] DEBUG:colcon.colcon_core.event_handler.log_command:Invoked command in '/home/f1tenth/zed-ros2-wrapper-foxy-v3.7/build/zed_components' returned '1': CMAKE_PREFIX_PATH=/opt/ros/foxy /usr/bin/cmake /home/f1tenth/zed-ros2-wrapper-foxy-v3.7/src/zed_components -DCMAKE_INSTALL_PREFIX=/home/f1tenth/zed-ros2-wrapper-foxy-v3.7/install/zed_components
[12.616s] Level 1:colcon.colcon_core.environment:create_environment_scripts_only(zed_components)
[12.649s] Level 1:colcon.colcon_core.environment:checking '/home/f1tenth/zed-ros2-wrapper-foxy-v3.7/install/zed_components' for CMake module files
[12.650s] Level 1:colcon.colcon_core.environment:checking '/home/f1tenth/zed-ros2-wrapper-foxy-v3.7/install/zed_components' for CMake config files
[12.651s] Level 1:colcon.colcon_core.environment:checking '/home/f1tenth/zed-ros2-wrapper-foxy-v3.7/install/zed_components/bin'
[12.651s] Level 1:colcon.colcon_core.environment:checking '/home/f1tenth/zed-ros2-wrapper-foxy-v3.7/install/zed_components/lib/pkgconfig/zed_components.pc'
[12.652s] Level 1:colcon.colcon_core.environment:checking '/home/f1tenth/zed-ros2-wrapper-foxy-v3.7/install/zed_components/lib/python3.8/site-packages'
[12.652s] Level 1:colcon.colcon_core.environment:checking '/home/f1tenth/zed-ros2-wrapper-foxy-v3.7/install/zed_components/bin'
[12.680s] INFO:colcon.colcon_core.shell:Creating package script '/home/f1tenth/zed-ros2-wrapper-foxy-v3.7/install/zed_components/share/zed_components/package.ps1'
[12.682s] INFO:colcon.colcon_core.shell:Creating package descriptor '/home/f1tenth/zed-ros2-wrapper-foxy-v3.7/install/zed_components/share/zed_components/package.dsv'
[12.683s] INFO:colcon.colcon_core.shell:Creating package script '/home/f1tenth/zed-ros2-wrapper-foxy-v3.7/install/zed_components/share/zed_components/package.sh'
[12.684s] INFO:colcon.colcon_core.shell:Creating package script '/home/f1tenth/zed-ros2-wrapper-foxy-v3.7/install/zed_components/share/zed_components/package.bash'
[12.686s] INFO:colcon.colcon_core.shell:Creating package script '/home/f1tenth/zed-ros2-wrapper-foxy-v3.7/install/zed_components/share/zed_components/package.zsh'
[12.687s] Level 1:colcon.colcon_core.environment:create_file_with_runtime_dependencies(/home/f1tenth/zed-ros2-wrapper-foxy-v3.7/install/zed_components/share/colcon-core/packages/zed_components)
[12.698s] DEBUG:colcon.colcon_parallel_executor.executor.parallel:closing loop
[12.698s] DEBUG:colcon.colcon_parallel_executor.executor.parallel:loop closed
[12.698s] DEBUG:colcon.colcon_parallel_executor.executor.parallel:run_until_complete finished with '1'
[12.699s] DEBUG:colcon.colcon_core.event_reactor:joining thread
[12.736s] INFO:colcon.colcon_core.plugin_system:Skipping extension 'colcon_notification.desktop_notification.terminal_notifier': Not used on non-Darwin systems
[12.737s] INFO:colcon.colcon_core.plugin_system:Skipping extension 'colcon_notification.desktop_notification.win32': Not used on non-Windows systems
[12.737s] INFO:colcon.colcon_notification.desktop_notification:Sending desktop notification using 'notify2'
[12.772s] DEBUG:colcon.colcon_core.event_reactor:joined thread
[12.800s] INFO:colcon.colcon_core.shell:Creating prefix script '/home/f1tenth/zed-ros2-wrapper-foxy-v3.7/install/local_setup.ps1'
[12.802s] INFO:colcon.colcon_core.shell:Creating prefix util module '/home/f1tenth/zed-ros2-wrapper-foxy-v3.7/install/_local_setup_util_ps1.py'
[12.804s] INFO:colcon.colcon_core.shell:Creating prefix chain script '/home/f1tenth/zed-ros2-wrapper-foxy-v3.7/install/setup.ps1'
[12.832s] INFO:colcon.colcon_core.shell:Creating prefix script '/home/f1tenth/zed-ros2-wrapper-foxy-v3.7/install/local_setup.sh'
[12.833s] INFO:colcon.colcon_core.shell:Creating prefix util module '/home/f1tenth/zed-ros2-wrapper-foxy-v3.7/install/_local_setup_util_sh.py'
[12.834s] INFO:colcon.colcon_core.shell:Creating prefix chain script '/home/f1tenth/zed-ros2-wrapper-foxy-v3.7/install/setup.sh'
[12.863s] INFO:colcon.colcon_core.shell:Creating prefix script '/home/f1tenth/zed-ros2-wrapper-foxy-v3.7/install/local_setup.bash'
[12.864s] INFO:colcon.colcon_core.shell:Creating prefix chain script '/home/f1tenth/zed-ros2-wrapper-foxy-v3.7/install/setup.bash'
[12.892s] INFO:colcon.colcon_core.shell:Creating prefix script '/home/f1tenth/zed-ros2-wrapper-foxy-v3.7/install/local_setup.zsh'
[12.893s] INFO:colcon.colcon_core.shell:Creating prefix chain script '/home/f1tenth/zed-ros2-wrapper-foxy-v3.7/install/setup.zsh'
