-- Found ament_cmake_auto: 0.9.12 (/opt/ros/foxy/share/ament_cmake_auto/cmake)
-- Found PythonInterp: /usr/bin/python3 (found suitable version "3.8.10", minimum required is "3") 
-- Using PYTHON_EXECUTABLE: /usr/bin/python3
-- Found ament_lint_auto: 0.9.8 (/opt/ros/foxy/share/ament_lint_auto/cmake)
-- Added test 'copyright' to check source files copyright and LICENSE
-- Added test 'lint_cmake' to check CMake code style
-- Added test 'xmllint' to check XML markup files
-- Configuring done
-- Generating done
-- Build files have been written to: /home/f1tenth/zed-ros2-wrapper-foxy-v3.7/build/zed_ros2
-- Install configuration: ""
-- Installing: /home/f1tenth/zed-ros2-wrapper-foxy-v3.7/install/zed_ros2/share/ament_index/resource_index/package_run_dependencies/zed_ros2
-- Installing: /home/f1tenth/zed-ros2-wrapper-foxy-v3.7/install/zed_ros2/share/ament_index/resource_index/parent_prefix_path/zed_ros2
-- Installing: /home/f1tenth/zed-ros2-wrapper-foxy-v3.7/install/zed_ros2/share/zed_ros2/environment/ament_prefix_path.sh
-- Installing: /home/f1tenth/zed-ros2-wrapper-foxy-v3.7/install/zed_ros2/share/zed_ros2/environment/ament_prefix_path.dsv
-- Installing: /home/f1tenth/zed-ros2-wrapper-foxy-v3.7/install/zed_ros2/share/zed_ros2/environment/path.sh
-- Installing: /home/f1tenth/zed-ros2-wrapper-foxy-v3.7/install/zed_ros2/share/zed_ros2/environment/path.dsv
-- Installing: /home/f1tenth/zed-ros2-wrapper-foxy-v3.7/install/zed_ros2/share/zed_ros2/local_setup.bash
-- Installing: /home/f1tenth/zed-ros2-wrapper-foxy-v3.7/install/zed_ros2/share/zed_ros2/local_setup.sh
-- Installing: /home/f1tenth/zed-ros2-wrapper-foxy-v3.7/install/zed_ros2/share/zed_ros2/local_setup.zsh
-- Installing: /home/f1tenth/zed-ros2-wrapper-foxy-v3.7/install/zed_ros2/share/zed_ros2/local_setup.dsv
-- Installing: /home/f1tenth/zed-ros2-wrapper-foxy-v3.7/install/zed_ros2/share/zed_ros2/package.dsv
-- Installing: /home/f1tenth/zed-ros2-wrapper-foxy-v3.7/install/zed_ros2/share/ament_index/resource_index/packages/zed_ros2
-- Installing: /home/f1tenth/zed-ros2-wrapper-foxy-v3.7/install/zed_ros2/share/zed_ros2/cmake/zed_ros2Config.cmake
-- Installing: /home/f1tenth/zed-ros2-wrapper-foxy-v3.7/install/zed_ros2/share/zed_ros2/cmake/zed_ros2Config-version.cmake
-- Installing: /home/f1tenth/zed-ros2-wrapper-foxy-v3.7/install/zed_ros2/share/zed_ros2/package.xml
