[0.107s] Invoking command in '/home/f1tenth/zed-ros2-wrapper-foxy-v3.7/build/zed_components': CMAKE_PREFIX_PATH=/opt/ros/foxy /usr/bin/cmake /home/f1tenth/zed-ros2-wrapper-foxy-v3.7/src/zed_components -DCMAKE_INSTALL_PREFIX=/home/f1tenth/zed-ros2-wrapper-foxy-v3.7/install/zed_components
[0.233s] -- The C compiler identification is GNU 9.4.0
[0.334s] -- The CXX compiler identification is GNU 9.4.0
[0.342s] -- Check for working C compiler: /usr/bin/cc
[0.486s] -- Check for working C compiler: /usr/bin/cc -- works
[0.487s] -- Detecting C compiler ABI info
[0.631s] -- Detecting C compiler ABI info - done
[0.649s] -- Detecting C compile features
[0.650s] -- Detecting C compile features - done
[0.655s] -- Check for working CXX compiler: /usr/bin/c++
[0.813s] -- Check for working CXX compiler: /usr/bin/c++ -- works
[0.815s] -- Detecting CXX compiler ABI info
[0.972s] -- Detecting CXX compiler ABI info - done
[0.991s] -- Detecting CXX compile features
[0.992s] -- Detecting CXX compile features - done
[0.999s] -- Looking for sgemm_
[1.144s] -- Looking for sgemm_ - not found
[1.146s] -- Looking for pthread.h
[1.296s] -- Looking for pthread.h - found
[1.296s] -- Performing Test CMAKE_HAVE_LIBC_PTHREAD
[1.449s] -- Performing Test CMAKE_HAVE_LIBC_PTHREAD - Failed
[1.449s] -- Looking for pthread_create in pthreads
[1.576s] -- Looking for pthread_create in pthreads - not found
[1.576s] -- Looking for pthread_create in pthread
[1.722s] -- Looking for pthread_create in pthread - found
[1.723s] -- Found Threads: TRUE  
[1.766s] -- Looking for sgemm_
[1.952s] -- Looking for sgemm_ - found
[1.953s] -- Found BLAS: /usr/lib/aarch64-linux-gnu/libopenblas.so  
[1.984s] -- Found CUDA: /usr/local/cuda-11.4 (found suitable version "11.4", minimum required is "11.4") 
[2.031s] -- Found CUDA: /usr/local/cuda-11.4 (found version "11.4") 
[2.037s] -- Found ament_cmake_auto: 0.9.12 (/opt/ros/foxy/share/ament_cmake_auto/cmake)
[2.094s] -- Found PythonInterp: /usr/bin/python3 (found suitable version "3.8.10", minimum required is "3") 
[2.094s] -- Using PYTHON_EXECUTABLE: /usr/bin/python3
[2.818s] -- Using all available rosidl_typesupport_c: rosidl_typesupport_fastrtps_c;rosidl_typesupport_introspection_c
[2.830s] -- Found rosidl_adapter: 1.3.1 (/opt/ros/foxy/share/rosidl_adapter/cmake)
[3.007s] -- Found OpenSSL: /usr/lib/aarch64-linux-gnu/libcrypto.so (found version "1.1.1f")  
[3.060s] -- Found FastRTPS: /opt/ros/foxy/include  
[3.213s] -- Using all available rosidl_typesupport_cpp: rosidl_typesupport_fastrtps_cpp;rosidl_typesupport_introspection_cpp
[3.315s] -- Found rmw_implementation_cmake: 1.0.4 (/opt/ros/foxy/share/rmw_implementation_cmake/cmake)
[3.318s] -- Using RMW implementation 'rmw_fastrtps_cpp' as default
[5.054s] -- Found eigen3_cmake_module: 0.1.1 (/opt/ros/foxy/share/eigen3_cmake_module/cmake)
[5.059s] -- Found Eigen3: TRUE (found version "3.3.7") 
[5.829s] CMake Warning at CMakeLists.txt:119 (find_package):
[5.829s]   By not providing "Findzed_interfaces.cmake" in CMAKE_MODULE_PATH this
[5.829s]   project has asked CMake to find a package configuration file provided by
[5.829s]   "zed_interfaces", but CMake did not find one.
[5.829s] 
[5.829s]   Could not find a package configuration file provided by "zed_interfaces"
[5.830s]   with any of the following names:
[5.830s] 
[5.830s]     zed_interfacesConfig.cmake
[5.830s]     zed_interfaces-config.cmake
[5.830s] 
[5.830s]   Add the installation prefix of "zed_interfaces" to CMAKE_PREFIX_PATH or set
[5.830s]   "zed_interfaces_DIR" to a directory containing one of the above files.  If
[5.830s]   "zed_interfaces" provides a separate development package or SDK, be sure it
[5.831s]   has been installed.
[5.831s] 
[5.831s] 
[5.837s] -- Found shape_msgs: 2.0.5 (/opt/ros/foxy/share/shape_msgs/cmake)
[5.951s] -- Found ament_lint_auto: 0.9.8 (/opt/ros/foxy/share/ament_lint_auto/cmake)
[5.976s] CMake Error at /opt/ros/foxy/share/ament_cmake_target_dependencies/cmake/ament_target_dependencies.cmake:77 (message):
[5.977s]   ament_target_dependencies() the passed package name 'zed_interfaces' was
[5.977s]   not found before
[5.977s] Call Stack (most recent call first):
[5.977s]   CMakeLists.txt:212 (ament_target_dependencies)
[5.977s] 
[5.977s] 
[5.984s] -- Configuring incomplete, errors occurred!
[5.984s] See also "/home/f1tenth/zed-ros2-wrapper-foxy-v3.7/build/zed_components/CMakeFiles/CMakeOutput.log".
[5.984s] See also "/home/f1tenth/zed-ros2-wrapper-foxy-v3.7/build/zed_components/CMakeFiles/CMakeError.log".
[6.015s] Invoked command in '/home/f1tenth/zed-ros2-wrapper-foxy-v3.7/build/zed_components' returned '1': CMAKE_PREFIX_PATH=/opt/ros/foxy /usr/bin/cmake /home/f1tenth/zed-ros2-wrapper-foxy-v3.7/src/zed_components -DCMAKE_INSTALL_PREFIX=/home/f1tenth/zed-ros2-wrapper-foxy-v3.7/install/zed_components
