[0.104s] Invoking command in '/home/f1tenth/zed-ros2-wrapper-foxy-v3.7/build/zed_components': AMENT_PREFIX_PATH=/home/f1tenth/zed-ros2-wrapper-foxy-v3.7/install/zed_interfaces:${AMENT_PREFIX_PATH} CMAKE_PREFIX_PATH=/home/f1tenth/zed-ros2-wrapper-foxy-v3.7/install/zed_interfaces:/opt/ros/foxy LD_LIBRARY_PATH=/home/f1tenth/zed-ros2-wrapper-foxy-v3.7/install/zed_interfaces/lib:/opt/ros/foxy/opt/yaml_cpp_vendor/lib:/opt/ros/foxy/opt/rviz_ogre_vendor/lib:/opt/ros/foxy/lib/aarch64-linux-gnu:/opt/ros/foxy/lib:/usr/local/cuda-11.4/lib64:/usr/local/lib:/usr/local/lib:/usr/local/lib:/usr/local/lib:/usr/local/lib PYTHONPATH=/home/f1tenth/zed-ros2-wrapper-foxy-v3.7/install/zed_interfaces/lib/python3.8/site-packages:/opt/ros/foxy/lib/python3.8/site-packages:/usr/lib/python3.8/site-packages/range_libc-0.1-py3.8-linux-aarch64.egg /usr/bin/cmake /home/f1tenth/zed-ros2-wrapper-foxy-v3.7/src/zed_components -DCMAKE_INSTALL_PREFIX=/home/f1tenth/zed-ros2-wrapper-foxy-v3.7/install/zed_components
[0.196s] -- Found CUDA: /usr/local/cuda-11.4 (found suitable version "11.4", minimum required is "11.4") 
[0.241s] -- Found CUDA: /usr/local/cuda-11.4 (found version "11.4") 
[0.243s] -- Found ament_cmake_auto: 0.9.12 (/opt/ros/foxy/share/ament_cmake_auto/cmake)
[0.289s] -- Using PYTHON_EXECUTABLE: /usr/bin/python3
[0.905s] -- Using all available rosidl_typesupport_c: rosidl_typesupport_fastrtps_c;rosidl_typesupport_introspection_c
[0.911s] -- Found rosidl_adapter: 1.3.1 (/opt/ros/foxy/share/rosidl_adapter/cmake)
[1.132s] -- Using all available rosidl_typesupport_cpp: rosidl_typesupport_fastrtps_cpp;rosidl_typesupport_introspection_cpp
[1.687s] -- Found rmw_implementation_cmake: 1.0.4 (/opt/ros/foxy/share/rmw_implementation_cmake/cmake)
[1.690s] -- Using RMW implementation 'rmw_fastrtps_cpp' as default
[3.249s] -- Found eigen3_cmake_module: 0.1.1 (/opt/ros/foxy/share/eigen3_cmake_module/cmake)
[3.978s] -- Found ament_lint_auto: 0.9.8 (/opt/ros/foxy/share/ament_lint_auto/cmake)
[4.021s] -- Added test 'copyright' to check source files copyright and LICENSE
[4.024s] -- Added test 'cppcheck' to perform static code analysis on C / C++ code
[4.025s] -- Configured cppcheck include dirs: /home/f1tenth/zed-ros2-wrapper-foxy-v3.7/src/zed_components/src/include;/home/f1tenth/zed-ros2-wrapper-foxy-v3.7/src/zed_components/src/zed_camera/include;/home/f1tenth/zed-ros2-wrapper-foxy-v3.7/src/zed_components/src/tools/include
[4.025s] -- Configured cppcheck exclude dirs and/or files: 
[4.026s] -- Added test 'lint_cmake' to check CMake code style
[4.029s] -- Added test 'uncrustify' to check C / C++ code style
[4.030s] -- Configured uncrustify additional arguments: 
[4.030s] -- Added test 'xmllint' to check XML markup files
[4.044s] -- Configuring done
[4.110s] -- Generating done
[4.114s] -- Build files have been written to: /home/f1tenth/zed-ros2-wrapper-foxy-v3.7/build/zed_components
[4.141s] Invoked command in '/home/f1tenth/zed-ros2-wrapper-foxy-v3.7/build/zed_components' returned '0': AMENT_PREFIX_PATH=/home/f1tenth/zed-ros2-wrapper-foxy-v3.7/install/zed_interfaces:${AMENT_PREFIX_PATH} CMAKE_PREFIX_PATH=/home/f1tenth/zed-ros2-wrapper-foxy-v3.7/install/zed_interfaces:/opt/ros/foxy LD_LIBRARY_PATH=/home/f1tenth/zed-ros2-wrapper-foxy-v3.7/install/zed_interfaces/lib:/opt/ros/foxy/opt/yaml_cpp_vendor/lib:/opt/ros/foxy/opt/rviz_ogre_vendor/lib:/opt/ros/foxy/lib/aarch64-linux-gnu:/opt/ros/foxy/lib:/usr/local/cuda-11.4/lib64:/usr/local/lib:/usr/local/lib:/usr/local/lib:/usr/local/lib:/usr/local/lib PYTHONPATH=/home/f1tenth/zed-ros2-wrapper-foxy-v3.7/install/zed_interfaces/lib/python3.8/site-packages:/opt/ros/foxy/lib/python3.8/site-packages:/usr/lib/python3.8/site-packages/range_libc-0.1-py3.8-linux-aarch64.egg /usr/bin/cmake /home/f1tenth/zed-ros2-wrapper-foxy-v3.7/src/zed_components -DCMAKE_INSTALL_PREFIX=/home/f1tenth/zed-ros2-wrapper-foxy-v3.7/install/zed_components
[4.148s] Invoking command in '/home/f1tenth/zed-ros2-wrapper-foxy-v3.7/build/zed_components': AMENT_PREFIX_PATH=/home/f1tenth/zed-ros2-wrapper-foxy-v3.7/install/zed_interfaces:${AMENT_PREFIX_PATH} CMAKE_PREFIX_PATH=/home/f1tenth/zed-ros2-wrapper-foxy-v3.7/install/zed_interfaces:/opt/ros/foxy LD_LIBRARY_PATH=/home/f1tenth/zed-ros2-wrapper-foxy-v3.7/install/zed_interfaces/lib:/opt/ros/foxy/opt/yaml_cpp_vendor/lib:/opt/ros/foxy/opt/rviz_ogre_vendor/lib:/opt/ros/foxy/lib/aarch64-linux-gnu:/opt/ros/foxy/lib:/usr/local/cuda-11.4/lib64:/usr/local/lib:/usr/local/lib:/usr/local/lib:/usr/local/lib:/usr/local/lib PYTHONPATH=/home/f1tenth/zed-ros2-wrapper-foxy-v3.7/install/zed_interfaces/lib/python3.8/site-packages:/opt/ros/foxy/lib/python3.8/site-packages:/usr/lib/python3.8/site-packages/range_libc-0.1-py3.8-linux-aarch64.egg /usr/bin/cmake --build /home/f1tenth/zed-ros2-wrapper-foxy-v3.7/build/zed_components -- -j6 -l6
[4.241s] [35m[1mScanning dependencies of target zed_camera_component[0m
[4.490s] [ 50%] [32mBuilding CXX object CMakeFiles/zed_camera_component.dir/src/tools/src/sl_win_avg.cpp.o[0m
[4.490s] [ 50%] [32mBuilding CXX object CMakeFiles/zed_camera_component.dir/src/tools/src/sl_tools.cpp.o[0m
[4.507s] [ 75%] [32mBuilding CXX object CMakeFiles/zed_camera_component.dir/src/zed_camera/src/zed_camera_component.cpp.o[0m
[6.323s] In file included from [01m[K/home/f1tenth/zed-ros2-wrapper-foxy-v3.7/src/zed_components/src/zed_camera/include/zed_camera_component.hpp:19[m[K,
[6.323s]                  from [01m[K/home/f1tenth/zed-ros2-wrapper-foxy-v3.7/src/zed_components/src/zed_camera/src/zed_camera_component.cpp:22[m[K:
[6.323s] [01m[K/usr/local/zed/include/sl/Fusion.hpp:68:64:[m[K [01;36m[Knote: [m[K#pragma message: ~ FUSION SDK is distributed in Early Access ~
[6.323s]    68 | #pragma message("~ FUSION SDK is distributed in Early Access ~"[01;36m[K)[m[K
[6.324s]       |                                                                [01;36m[K^[m[K
[137.374s] [100%] [32m[1mLinking CXX shared library libzed_camera_component.so[0m
[138.474s] [100%] Built target zed_camera_component
[138.502s] Invoked command in '/home/f1tenth/zed-ros2-wrapper-foxy-v3.7/build/zed_components' returned '0': AMENT_PREFIX_PATH=/home/f1tenth/zed-ros2-wrapper-foxy-v3.7/install/zed_interfaces:${AMENT_PREFIX_PATH} CMAKE_PREFIX_PATH=/home/f1tenth/zed-ros2-wrapper-foxy-v3.7/install/zed_interfaces:/opt/ros/foxy LD_LIBRARY_PATH=/home/f1tenth/zed-ros2-wrapper-foxy-v3.7/install/zed_interfaces/lib:/opt/ros/foxy/opt/yaml_cpp_vendor/lib:/opt/ros/foxy/opt/rviz_ogre_vendor/lib:/opt/ros/foxy/lib/aarch64-linux-gnu:/opt/ros/foxy/lib:/usr/local/cuda-11.4/lib64:/usr/local/lib:/usr/local/lib:/usr/local/lib:/usr/local/lib:/usr/local/lib PYTHONPATH=/home/f1tenth/zed-ros2-wrapper-foxy-v3.7/install/zed_interfaces/lib/python3.8/site-packages:/opt/ros/foxy/lib/python3.8/site-packages:/usr/lib/python3.8/site-packages/range_libc-0.1-py3.8-linux-aarch64.egg /usr/bin/cmake --build /home/f1tenth/zed-ros2-wrapper-foxy-v3.7/build/zed_components -- -j6 -l6
[138.566s] Invoking command in '/home/f1tenth/zed-ros2-wrapper-foxy-v3.7/build/zed_components': AMENT_PREFIX_PATH=/home/f1tenth/zed-ros2-wrapper-foxy-v3.7/install/zed_interfaces:${AMENT_PREFIX_PATH} CMAKE_PREFIX_PATH=/home/f1tenth/zed-ros2-wrapper-foxy-v3.7/install/zed_interfaces:/opt/ros/foxy LD_LIBRARY_PATH=/home/f1tenth/zed-ros2-wrapper-foxy-v3.7/install/zed_interfaces/lib:/opt/ros/foxy/opt/yaml_cpp_vendor/lib:/opt/ros/foxy/opt/rviz_ogre_vendor/lib:/opt/ros/foxy/lib/aarch64-linux-gnu:/opt/ros/foxy/lib:/usr/local/cuda-11.4/lib64:/usr/local/lib:/usr/local/lib:/usr/local/lib:/usr/local/lib:/usr/local/lib PYTHONPATH=/home/f1tenth/zed-ros2-wrapper-foxy-v3.7/install/zed_interfaces/lib/python3.8/site-packages:/opt/ros/foxy/lib/python3.8/site-packages:/usr/lib/python3.8/site-packages/range_libc-0.1-py3.8-linux-aarch64.egg /usr/bin/cmake --install /home/f1tenth/zed-ros2-wrapper-foxy-v3.7/build/zed_components
[138.590s] -- Install configuration: "Release"
[138.590s] -- Installing: /home/f1tenth/zed-ros2-wrapper-foxy-v3.7/install/zed_components/lib/libzed_camera_component.so
[138.599s] -- Set runtime path of "/home/f1tenth/zed-ros2-wrapper-foxy-v3.7/install/zed_components/lib/libzed_camera_component.so" to ""
[138.599s] -- Installing: /home/f1tenth/zed-ros2-wrapper-foxy-v3.7/install/zed_components/include/zed_components/
[138.599s] -- Installing: /home/f1tenth/zed-ros2-wrapper-foxy-v3.7/install/zed_components/include/zed_components//cost_traversability.hpp
[138.599s] -- Installing: /home/f1tenth/zed-ros2-wrapper-foxy-v3.7/install/zed_components/include/zed_components//sl_types.hpp
[138.600s] -- Installing: /home/f1tenth/zed-ros2-wrapper-foxy-v3.7/install/zed_components/include/zed_components//zed_camera_component.hpp
[138.600s] -- Up-to-date: /home/f1tenth/zed-ros2-wrapper-foxy-v3.7/install/zed_components/include/zed_components/
[138.600s] -- Installing: /home/f1tenth/zed-ros2-wrapper-foxy-v3.7/install/zed_components/include/zed_components//sl_win_avg.hpp
[138.601s] -- Installing: /home/f1tenth/zed-ros2-wrapper-foxy-v3.7/install/zed_components/include/zed_components//sl_tools.hpp
[138.601s] -- Installing: /home/f1tenth/zed-ros2-wrapper-foxy-v3.7/install/zed_components/include/zed_components//sl_logging.hpp
[138.601s] -- Up-to-date: /home/f1tenth/zed-ros2-wrapper-foxy-v3.7/install/zed_components/include/zed_components/
[138.601s] -- Installing: /home/f1tenth/zed-ros2-wrapper-foxy-v3.7/install/zed_components/include/zed_components//visibility_control.hpp
[138.603s] -- Installing: /home/f1tenth/zed-ros2-wrapper-foxy-v3.7/install/zed_components/share/zed_components/environment/library_path.sh
[138.603s] -- Installing: /home/f1tenth/zed-ros2-wrapper-foxy-v3.7/install/zed_components/share/zed_components/environment/library_path.dsv
[138.604s] -- Installing: /home/f1tenth/zed-ros2-wrapper-foxy-v3.7/install/zed_components/share/ament_index/resource_index/package_run_dependencies/zed_components
[138.605s] -- Installing: /home/f1tenth/zed-ros2-wrapper-foxy-v3.7/install/zed_components/share/ament_index/resource_index/parent_prefix_path/zed_components
[138.606s] -- Installing: /home/f1tenth/zed-ros2-wrapper-foxy-v3.7/install/zed_components/share/zed_components/environment/ament_prefix_path.sh
[138.606s] -- Installing: /home/f1tenth/zed-ros2-wrapper-foxy-v3.7/install/zed_components/share/zed_components/environment/ament_prefix_path.dsv
[138.607s] -- Installing: /home/f1tenth/zed-ros2-wrapper-foxy-v3.7/install/zed_components/share/zed_components/environment/path.sh
[138.607s] -- Installing: /home/f1tenth/zed-ros2-wrapper-foxy-v3.7/install/zed_components/share/zed_components/environment/path.dsv
[138.607s] -- Installing: /home/f1tenth/zed-ros2-wrapper-foxy-v3.7/install/zed_components/share/zed_components/local_setup.bash
[138.608s] -- Installing: /home/f1tenth/zed-ros2-wrapper-foxy-v3.7/install/zed_components/share/zed_components/local_setup.sh
[138.608s] -- Installing: /home/f1tenth/zed-ros2-wrapper-foxy-v3.7/install/zed_components/share/zed_components/local_setup.zsh
[138.608s] -- Installing: /home/f1tenth/zed-ros2-wrapper-foxy-v3.7/install/zed_components/share/zed_components/local_setup.dsv
[138.609s] -- Installing: /home/f1tenth/zed-ros2-wrapper-foxy-v3.7/install/zed_components/share/zed_components/package.dsv
[138.609s] -- Installing: /home/f1tenth/zed-ros2-wrapper-foxy-v3.7/install/zed_components/share/ament_index/resource_index/packages/zed_components
[138.610s] -- Installing: /home/f1tenth/zed-ros2-wrapper-foxy-v3.7/install/zed_components/share/ament_index/resource_index/rclcpp_components/zed_components
[138.610s] -- Installing: /home/f1tenth/zed-ros2-wrapper-foxy-v3.7/install/zed_components/share/zed_components/cmake/ament_cmake_export_include_directories-extras.cmake
[138.611s] -- Installing: /home/f1tenth/zed-ros2-wrapper-foxy-v3.7/install/zed_components/share/zed_components/cmake/ament_cmake_export_libraries-extras.cmake
[138.611s] -- Installing: /home/f1tenth/zed-ros2-wrapper-foxy-v3.7/install/zed_components/share/zed_components/cmake/ament_cmake_export_dependencies-extras.cmake
[138.612s] -- Installing: /home/f1tenth/zed-ros2-wrapper-foxy-v3.7/install/zed_components/share/zed_components/cmake/zed_componentsConfig.cmake
[138.612s] -- Installing: /home/f1tenth/zed-ros2-wrapper-foxy-v3.7/install/zed_components/share/zed_components/cmake/zed_componentsConfig-version.cmake
[138.612s] -- Installing: /home/f1tenth/zed-ros2-wrapper-foxy-v3.7/install/zed_components/share/zed_components/package.xml
[138.618s] Invoked command in '/home/f1tenth/zed-ros2-wrapper-foxy-v3.7/build/zed_components' returned '0': AMENT_PREFIX_PATH=/home/f1tenth/zed-ros2-wrapper-foxy-v3.7/install/zed_interfaces:${AMENT_PREFIX_PATH} CMAKE_PREFIX_PATH=/home/f1tenth/zed-ros2-wrapper-foxy-v3.7/install/zed_interfaces:/opt/ros/foxy LD_LIBRARY_PATH=/home/f1tenth/zed-ros2-wrapper-foxy-v3.7/install/zed_interfaces/lib:/opt/ros/foxy/opt/yaml_cpp_vendor/lib:/opt/ros/foxy/opt/rviz_ogre_vendor/lib:/opt/ros/foxy/lib/aarch64-linux-gnu:/opt/ros/foxy/lib:/usr/local/cuda-11.4/lib64:/usr/local/lib:/usr/local/lib:/usr/local/lib:/usr/local/lib:/usr/local/lib PYTHONPATH=/home/f1tenth/zed-ros2-wrapper-foxy-v3.7/install/zed_interfaces/lib/python3.8/site-packages:/opt/ros/foxy/lib/python3.8/site-packages:/usr/lib/python3.8/site-packages/range_libc-0.1-py3.8-linux-aarch64.egg /usr/bin/cmake --install /home/f1tenth/zed-ros2-wrapper-foxy-v3.7/build/zed_components
