[5.490s] DEBUG:colcon:Command line arguments: ['/usr/bin/colcon', 'build']
[5.490s] DEBUG:colcon:Parsed command line arguments: Namespace(allow_overriding=[], ament_cmake_args=None, base_paths=['.'], build_base='build', catkin_cmake_args=None, catkin_skip_building_tests=False, cmake_args=None, cmake_clean_cache=False, cmake_clean_first=False, cmake_force_configure=False, cmake_target=None, cmake_target_skip_unavailable=False, continue_on_error=False, event_handlers=None, executor='parallel', ignore_user_meta=False, install_base='install', log_base=None, log_level=None, main=<bound method BuildVerb.main of <colcon_core.verb.build.BuildVerb object at 0xffffa2fbe670>>, merge_install=False, metas=['./colcon.meta'], packages_above=None, packages_above_and_dependencies=None, packages_above_depth=None, packages_end=None, packages_ignore=None, packages_ignore_regex=None, packages_select=None, packages_select_build_failed=False, packages_select_by_dep=None, packages_select_regex=None, packages_select_test_failures=False, packages_skip=None, packages_skip_build_finished=False, packages_skip_by_dep=None, packages_skip_regex=None, packages_skip_test_passed=False, packages_skip_up_to=None, packages_start=None, packages_up_to=None, packages_up_to_regex=None, parallel_workers=6, paths=None, symlink_install=False, test_result_base=None, verb_extension=<colcon_core.verb.build.BuildVerb object at 0xffffa2fbe670>, verb_name='build', verb_parser=<colcon_defaults.argument_parser.defaults.DefaultArgumentsDecorator object at 0xffffa29d9760>)
[5.728s] Level 1:colcon.colcon_core.package_discovery:discover_packages(colcon_meta) check parameters
[5.729s] Level 1:colcon.colcon_core.package_discovery:discover_packages(recursive) check parameters
[5.729s] Level 1:colcon.colcon_core.package_discovery:discover_packages(ignore) check parameters
[5.729s] Level 1:colcon.colcon_core.package_discovery:discover_packages(path) check parameters
[5.729s] Level 1:colcon.colcon_core.package_discovery:discover_packages(colcon_meta) discover
[5.729s] Level 1:colcon.colcon_core.package_discovery:discover_packages(recursive) discover
[5.729s] INFO:colcon.colcon_core.package_discovery:Crawling recursively for packages in '/home/f1tenth/zed-ros2-wrapper-foxy-v3.7/src'
[5.729s] Level 1:colcon.colcon_core.package_identification:_identify(.) by extensions ['ignore', 'ignore_ament_install']
[5.730s] Level 1:colcon.colcon_core.package_identification:_identify(.) by extension 'ignore'
[5.730s] Level 1:colcon.colcon_core.package_identification:_identify(.) by extension 'ignore_ament_install'
[5.730s] Level 1:colcon.colcon_core.package_identification:_identify(.) by extensions ['colcon_pkg']
[5.730s] Level 1:colcon.colcon_core.package_identification:_identify(.) by extension 'colcon_pkg'
[5.730s] Level 1:colcon.colcon_core.package_identification:_identify(.) by extensions ['colcon_meta']
[5.730s] Level 1:colcon.colcon_core.package_identification:_identify(.) by extension 'colcon_meta'
[5.730s] Level 1:colcon.colcon_core.package_identification:_identify(.) by extensions ['ros']
[5.730s] Level 1:colcon.colcon_core.package_identification:_identify(.) by extension 'ros'
[5.758s] Level 1:colcon.colcon_core.package_identification:_identify(.) by extensions ['cmake', 'python']
[5.759s] Level 1:colcon.colcon_core.package_identification:_identify(.) by extension 'cmake'
[5.759s] Level 1:colcon.colcon_core.package_identification:_identify(.) by extension 'python'
[5.759s] Level 1:colcon.colcon_core.package_identification:_identify(.) by extensions ['python_setup_py']
[5.759s] Level 1:colcon.colcon_core.package_identification:_identify(.) by extension 'python_setup_py'
[5.759s] Level 1:colcon.colcon_core.package_identification:_identify(build) by extensions ['ignore', 'ignore_ament_install']
[5.760s] Level 1:colcon.colcon_core.package_identification:_identify(build) by extension 'ignore'
[5.760s] Level 1:colcon.colcon_core.package_identification:_identify(build) ignored
[5.760s] Level 1:colcon.colcon_core.package_identification:_identify(docker) by extensions ['ignore', 'ignore_ament_install']
[5.760s] Level 1:colcon.colcon_core.package_identification:_identify(docker) by extension 'ignore'
[5.760s] Level 1:colcon.colcon_core.package_identification:_identify(docker) by extension 'ignore_ament_install'
[5.760s] Level 1:colcon.colcon_core.package_identification:_identify(docker) by extensions ['colcon_pkg']
[5.761s] Level 1:colcon.colcon_core.package_identification:_identify(docker) by extension 'colcon_pkg'
[5.761s] Level 1:colcon.colcon_core.package_identification:_identify(docker) by extensions ['colcon_meta']
[5.761s] Level 1:colcon.colcon_core.package_identification:_identify(docker) by extension 'colcon_meta'
[5.761s] Level 1:colcon.colcon_core.package_identification:_identify(docker) by extensions ['ros']
[5.761s] Level 1:colcon.colcon_core.package_identification:_identify(docker) by extension 'ros'
[5.761s] Level 1:colcon.colcon_core.package_identification:_identify(docker) by extensions ['cmake', 'python']
[5.761s] Level 1:colcon.colcon_core.package_identification:_identify(docker) by extension 'cmake'
[5.761s] Level 1:colcon.colcon_core.package_identification:_identify(docker) by extension 'python'
[5.761s] Level 1:colcon.colcon_core.package_identification:_identify(docker) by extensions ['python_setup_py']
[5.761s] Level 1:colcon.colcon_core.package_identification:_identify(docker) by extension 'python_setup_py'
[5.762s] Level 1:colcon.colcon_core.package_identification:_identify(images) by extensions ['ignore', 'ignore_ament_install']
[5.762s] Level 1:colcon.colcon_core.package_identification:_identify(images) by extension 'ignore'
[5.762s] Level 1:colcon.colcon_core.package_identification:_identify(images) by extension 'ignore_ament_install'
[5.762s] Level 1:colcon.colcon_core.package_identification:_identify(images) by extensions ['colcon_pkg']
[5.762s] Level 1:colcon.colcon_core.package_identification:_identify(images) by extension 'colcon_pkg'
[5.762s] Level 1:colcon.colcon_core.package_identification:_identify(images) by extensions ['colcon_meta']
[5.762s] Level 1:colcon.colcon_core.package_identification:_identify(images) by extension 'colcon_meta'
[5.762s] Level 1:colcon.colcon_core.package_identification:_identify(images) by extensions ['ros']
[5.762s] Level 1:colcon.colcon_core.package_identification:_identify(images) by extension 'ros'
[5.763s] Level 1:colcon.colcon_core.package_identification:_identify(images) by extensions ['cmake', 'python']
[5.763s] Level 1:colcon.colcon_core.package_identification:_identify(images) by extension 'cmake'
[5.763s] Level 1:colcon.colcon_core.package_identification:_identify(images) by extension 'python'
[5.763s] Level 1:colcon.colcon_core.package_identification:_identify(images) by extensions ['python_setup_py']
[5.763s] Level 1:colcon.colcon_core.package_identification:_identify(images) by extension 'python_setup_py'
[5.763s] Level 1:colcon.colcon_core.package_identification:_identify(install) by extensions ['ignore', 'ignore_ament_install']
[5.763s] Level 1:colcon.colcon_core.package_identification:_identify(install) by extension 'ignore'
[5.763s] Level 1:colcon.colcon_core.package_identification:_identify(install) ignored
[5.764s] Level 1:colcon.colcon_core.package_identification:_identify(log) by extensions ['ignore', 'ignore_ament_install']
[5.764s] Level 1:colcon.colcon_core.package_identification:_identify(log) by extension 'ignore'
[5.764s] Level 1:colcon.colcon_core.package_identification:_identify(log) ignored
[5.764s] Level 1:colcon.colcon_core.package_identification:_identify(zed-ros2-interfaces) by extensions ['ignore', 'ignore_ament_install']
[5.764s] Level 1:colcon.colcon_core.package_identification:_identify(zed-ros2-interfaces) by extension 'ignore'
[5.764s] Level 1:colcon.colcon_core.package_identification:_identify(zed-ros2-interfaces) by extension 'ignore_ament_install'
[5.764s] Level 1:colcon.colcon_core.package_identification:_identify(zed-ros2-interfaces) by extensions ['colcon_pkg']
[5.765s] Level 1:colcon.colcon_core.package_identification:_identify(zed-ros2-interfaces) by extension 'colcon_pkg'
[5.765s] Level 1:colcon.colcon_core.package_identification:_identify(zed-ros2-interfaces) by extensions ['colcon_meta']
[5.765s] Level 1:colcon.colcon_core.package_identification:_identify(zed-ros2-interfaces) by extension 'colcon_meta'
[5.765s] Level 1:colcon.colcon_core.package_identification:_identify(zed-ros2-interfaces) by extensions ['ros']
[5.765s] Level 1:colcon.colcon_core.package_identification:_identify(zed-ros2-interfaces) by extension 'ros'
[5.772s] DEBUG:colcon.colcon_core.package_identification:Package 'zed-ros2-interfaces' with type 'ros.ament_cmake' and name 'zed_interfaces'
[5.772s] Level 1:colcon.colcon_core.package_identification:_identify(zed_components) by extensions ['ignore', 'ignore_ament_install']
[5.772s] Level 1:colcon.colcon_core.package_identification:_identify(zed_components) by extension 'ignore'
[5.773s] Level 1:colcon.colcon_core.package_identification:_identify(zed_components) by extension 'ignore_ament_install'
[5.773s] Level 1:colcon.colcon_core.package_identification:_identify(zed_components) by extensions ['colcon_pkg']
[5.773s] Level 1:colcon.colcon_core.package_identification:_identify(zed_components) by extension 'colcon_pkg'
[5.773s] Level 1:colcon.colcon_core.package_identification:_identify(zed_components) by extensions ['colcon_meta']
[5.773s] Level 1:colcon.colcon_core.package_identification:_identify(zed_components) by extension 'colcon_meta'
[5.773s] Level 1:colcon.colcon_core.package_identification:_identify(zed_components) by extensions ['ros']
[5.773s] Level 1:colcon.colcon_core.package_identification:_identify(zed_components) by extension 'ros'
[5.775s] DEBUG:colcon.colcon_core.package_identification:Package 'zed_components' with type 'ros.ament_cmake' and name 'zed_components'
[5.776s] Level 1:colcon.colcon_core.package_identification:_identify(zed_ros2) by extensions ['ignore', 'ignore_ament_install']
[5.776s] Level 1:colcon.colcon_core.package_identification:_identify(zed_ros2) by extension 'ignore'
[5.776s] Level 1:colcon.colcon_core.package_identification:_identify(zed_ros2) by extension 'ignore_ament_install'
[5.776s] Level 1:colcon.colcon_core.package_identification:_identify(zed_ros2) by extensions ['colcon_pkg']
[5.776s] Level 1:colcon.colcon_core.package_identification:_identify(zed_ros2) by extension 'colcon_pkg'
[5.776s] Level 1:colcon.colcon_core.package_identification:_identify(zed_ros2) by extensions ['colcon_meta']
[5.776s] Level 1:colcon.colcon_core.package_identification:_identify(zed_ros2) by extension 'colcon_meta'
[5.776s] Level 1:colcon.colcon_core.package_identification:_identify(zed_ros2) by extensions ['ros']
[5.777s] Level 1:colcon.colcon_core.package_identification:_identify(zed_ros2) by extension 'ros'
[5.778s] DEBUG:colcon.colcon_core.package_identification:Package 'zed_ros2' with type 'ros.ament_cmake' and name 'zed_ros2'
[5.778s] Level 1:colcon.colcon_core.package_identification:_identify(zed_wrapper) by extensions ['ignore', 'ignore_ament_install']
[5.778s] Level 1:colcon.colcon_core.package_identification:_identify(zed_wrapper) by extension 'ignore'
[5.778s] Level 1:colcon.colcon_core.package_identification:_identify(zed_wrapper) by extension 'ignore_ament_install'
[5.779s] Level 1:colcon.colcon_core.package_identification:_identify(zed_wrapper) by extensions ['colcon_pkg']
[5.779s] Level 1:colcon.colcon_core.package_identification:_identify(zed_wrapper) by extension 'colcon_pkg'
[5.779s] Level 1:colcon.colcon_core.package_identification:_identify(zed_wrapper) by extensions ['colcon_meta']
[5.779s] Level 1:colcon.colcon_core.package_identification:_identify(zed_wrapper) by extension 'colcon_meta'
[5.779s] Level 1:colcon.colcon_core.package_identification:_identify(zed_wrapper) by extensions ['ros']
[5.779s] Level 1:colcon.colcon_core.package_identification:_identify(zed_wrapper) by extension 'ros'
[5.780s] DEBUG:colcon.colcon_core.package_identification:Package 'zed_wrapper' with type 'ros.ament_cmake' and name 'zed_wrapper'
[5.780s] Level 1:colcon.colcon_core.package_discovery:discover_packages(recursive) using defaults
[5.781s] Level 1:colcon.colcon_core.package_discovery:discover_packages(ignore) discover
[5.781s] Level 1:colcon.colcon_core.package_discovery:discover_packages(ignore) using defaults
[5.781s] Level 1:colcon.colcon_core.package_discovery:discover_packages(path) discover
[5.781s] Level 1:colcon.colcon_core.package_discovery:discover_packages(path) using defaults
[5.948s] Level 1:colcon.colcon_core.package_discovery:discover_packages(prefix_path) check parameters
[5.949s] Level 1:colcon.colcon_core.package_discovery:discover_packages(prefix_path) discover
[6.003s] DEBUG:colcon.colcon_installed_package_information.package_discovery:Found 309 installed packages in /opt/ros/foxy
[6.006s] Level 1:colcon.colcon_core.package_discovery:discover_packages(prefix_path) using defaults
[6.252s] Level 5:colcon.colcon_core.verb:set package 'zed_interfaces' build argument 'cmake_args' from command line to 'None'
[6.252s] Level 5:colcon.colcon_core.verb:set package 'zed_interfaces' build argument 'cmake_target' from command line to 'None'
[6.252s] Level 5:colcon.colcon_core.verb:set package 'zed_interfaces' build argument 'cmake_target_skip_unavailable' from command line to 'False'
[6.252s] Level 5:colcon.colcon_core.verb:set package 'zed_interfaces' build argument 'cmake_clean_cache' from command line to 'False'
[6.253s] Level 5:colcon.colcon_core.verb:set package 'zed_interfaces' build argument 'cmake_clean_first' from command line to 'False'
[6.253s] Level 5:colcon.colcon_core.verb:set package 'zed_interfaces' build argument 'cmake_force_configure' from command line to 'False'
[6.253s] Level 5:colcon.colcon_core.verb:set package 'zed_interfaces' build argument 'ament_cmake_args' from command line to 'None'
[6.253s] Level 5:colcon.colcon_core.verb:set package 'zed_interfaces' build argument 'catkin_cmake_args' from command line to 'None'
[6.253s] Level 5:colcon.colcon_core.verb:set package 'zed_interfaces' build argument 'catkin_skip_building_tests' from command line to 'False'
[6.253s] DEBUG:colcon.colcon_core.verb:Building package 'zed_interfaces' with the following arguments: {'ament_cmake_args': None, 'build_base': '/home/f1tenth/zed-ros2-wrapper-foxy-v3.7/src/build/zed_interfaces', 'catkin_cmake_args': None, 'catkin_skip_building_tests': False, 'cmake_args': None, 'cmake_clean_cache': False, 'cmake_clean_first': False, 'cmake_force_configure': False, 'cmake_target': None, 'cmake_target_skip_unavailable': False, 'install_base': '/home/f1tenth/zed-ros2-wrapper-foxy-v3.7/src/install/zed_interfaces', 'merge_install': False, 'path': '/home/f1tenth/zed-ros2-wrapper-foxy-v3.7/src/zed-ros2-interfaces', 'symlink_install': False, 'test_result_base': None}
[6.280s] Level 5:colcon.colcon_core.verb:set package 'zed_components' build argument 'cmake_args' from command line to 'None'
[6.280s] Level 5:colcon.colcon_core.verb:set package 'zed_components' build argument 'cmake_target' from command line to 'None'
[6.280s] Level 5:colcon.colcon_core.verb:set package 'zed_components' build argument 'cmake_target_skip_unavailable' from command line to 'False'
[6.280s] Level 5:colcon.colcon_core.verb:set package 'zed_components' build argument 'cmake_clean_cache' from command line to 'False'
[6.280s] Level 5:colcon.colcon_core.verb:set package 'zed_components' build argument 'cmake_clean_first' from command line to 'False'
[6.280s] Level 5:colcon.colcon_core.verb:set package 'zed_components' build argument 'cmake_force_configure' from command line to 'False'
[6.280s] Level 5:colcon.colcon_core.verb:set package 'zed_components' build argument 'ament_cmake_args' from command line to 'None'
[6.280s] Level 5:colcon.colcon_core.verb:set package 'zed_components' build argument 'catkin_cmake_args' from command line to 'None'
[6.280s] Level 5:colcon.colcon_core.verb:set package 'zed_components' build argument 'catkin_skip_building_tests' from command line to 'False'
[6.280s] DEBUG:colcon.colcon_core.verb:Building package 'zed_components' with the following arguments: {'ament_cmake_args': None, 'build_base': '/home/f1tenth/zed-ros2-wrapper-foxy-v3.7/src/build/zed_components', 'catkin_cmake_args': None, 'catkin_skip_building_tests': False, 'cmake_args': None, 'cmake_clean_cache': False, 'cmake_clean_first': False, 'cmake_force_configure': False, 'cmake_target': None, 'cmake_target_skip_unavailable': False, 'install_base': '/home/f1tenth/zed-ros2-wrapper-foxy-v3.7/src/install/zed_components', 'merge_install': False, 'path': '/home/f1tenth/zed-ros2-wrapper-foxy-v3.7/src/zed_components', 'symlink_install': False, 'test_result_base': None}
[6.306s] Level 5:colcon.colcon_core.verb:set package 'zed_wrapper' build argument 'cmake_args' from command line to 'None'
[6.306s] Level 5:colcon.colcon_core.verb:set package 'zed_wrapper' build argument 'cmake_target' from command line to 'None'
[6.306s] Level 5:colcon.colcon_core.verb:set package 'zed_wrapper' build argument 'cmake_target_skip_unavailable' from command line to 'False'
[6.306s] Level 5:colcon.colcon_core.verb:set package 'zed_wrapper' build argument 'cmake_clean_cache' from command line to 'False'
[6.307s] Level 5:colcon.colcon_core.verb:set package 'zed_wrapper' build argument 'cmake_clean_first' from command line to 'False'
[6.307s] Level 5:colcon.colcon_core.verb:set package 'zed_wrapper' build argument 'cmake_force_configure' from command line to 'False'
[6.307s] Level 5:colcon.colcon_core.verb:set package 'zed_wrapper' build argument 'ament_cmake_args' from command line to 'None'
[6.307s] Level 5:colcon.colcon_core.verb:set package 'zed_wrapper' build argument 'catkin_cmake_args' from command line to 'None'
[6.307s] Level 5:colcon.colcon_core.verb:set package 'zed_wrapper' build argument 'catkin_skip_building_tests' from command line to 'False'
[6.307s] DEBUG:colcon.colcon_core.verb:Building package 'zed_wrapper' with the following arguments: {'ament_cmake_args': None, 'build_base': '/home/f1tenth/zed-ros2-wrapper-foxy-v3.7/src/build/zed_wrapper', 'catkin_cmake_args': None, 'catkin_skip_building_tests': False, 'cmake_args': None, 'cmake_clean_cache': False, 'cmake_clean_first': False, 'cmake_force_configure': False, 'cmake_target': None, 'cmake_target_skip_unavailable': False, 'install_base': '/home/f1tenth/zed-ros2-wrapper-foxy-v3.7/src/install/zed_wrapper', 'merge_install': False, 'path': '/home/f1tenth/zed-ros2-wrapper-foxy-v3.7/src/zed_wrapper', 'symlink_install': False, 'test_result_base': None}
[6.333s] Level 5:colcon.colcon_core.verb:set package 'zed_ros2' build argument 'cmake_args' from command line to 'None'
[6.333s] Level 5:colcon.colcon_core.verb:set package 'zed_ros2' build argument 'cmake_target' from command line to 'None'
[6.333s] Level 5:colcon.colcon_core.verb:set package 'zed_ros2' build argument 'cmake_target_skip_unavailable' from command line to 'False'
[6.333s] Level 5:colcon.colcon_core.verb:set package 'zed_ros2' build argument 'cmake_clean_cache' from command line to 'False'
[6.333s] Level 5:colcon.colcon_core.verb:set package 'zed_ros2' build argument 'cmake_clean_first' from command line to 'False'
[6.333s] Level 5:colcon.colcon_core.verb:set package 'zed_ros2' build argument 'cmake_force_configure' from command line to 'False'
[6.333s] Level 5:colcon.colcon_core.verb:set package 'zed_ros2' build argument 'ament_cmake_args' from command line to 'None'
[6.333s] Level 5:colcon.colcon_core.verb:set package 'zed_ros2' build argument 'catkin_cmake_args' from command line to 'None'
[6.333s] Level 5:colcon.colcon_core.verb:set package 'zed_ros2' build argument 'catkin_skip_building_tests' from command line to 'False'
[6.333s] DEBUG:colcon.colcon_core.verb:Building package 'zed_ros2' with the following arguments: {'ament_cmake_args': None, 'build_base': '/home/f1tenth/zed-ros2-wrapper-foxy-v3.7/src/build/zed_ros2', 'catkin_cmake_args': None, 'catkin_skip_building_tests': False, 'cmake_args': None, 'cmake_clean_cache': False, 'cmake_clean_first': False, 'cmake_force_configure': False, 'cmake_target': None, 'cmake_target_skip_unavailable': False, 'install_base': '/home/f1tenth/zed-ros2-wrapper-foxy-v3.7/src/install/zed_ros2', 'merge_install': False, 'path': '/home/f1tenth/zed-ros2-wrapper-foxy-v3.7/src/zed_ros2', 'symlink_install': False, 'test_result_base': None}
[6.358s] INFO:colcon.colcon_core.executor:Executing jobs using 'parallel' executor
[6.386s] DEBUG:colcon.colcon_parallel_executor.executor.parallel:run_until_complete
[6.386s] INFO:colcon.colcon_ros.task.ament_cmake.build:Building ROS package in '/home/f1tenth/zed-ros2-wrapper-foxy-v3.7/src/zed-ros2-interfaces' with build type 'ament_cmake'
[6.387s] INFO:colcon.colcon_cmake.task.cmake.build:Building CMake package in '/home/f1tenth/zed-ros2-wrapper-foxy-v3.7/src/zed-ros2-interfaces'
[6.416s] INFO:colcon.colcon_core.plugin_system:Skipping extension 'colcon_core.shell.bat': Not used on non-Windows systems
[6.417s] INFO:colcon.colcon_core.shell:Skip shell extension 'powershell' for command environment: Not usable outside of PowerShell
[6.417s] DEBUG:colcon.colcon_core.shell:Skip shell extension 'dsv' for command environment
[6.486s] DEBUG:colcon.colcon_core.event_handler.log_command:Invoking command in '/home/f1tenth/zed-ros2-wrapper-foxy-v3.7/src/build/zed_interfaces': CMAKE_PREFIX_PATH=/opt/ros/foxy /usr/bin/cmake /home/f1tenth/zed-ros2-wrapper-foxy-v3.7/src/zed-ros2-interfaces -DCMAKE_INSTALL_PREFIX=/home/f1tenth/zed-ros2-wrapper-foxy-v3.7/src/install/zed_interfaces
[11.316s] DEBUG:colcon.colcon_core.event_handler.log_command:Invoked command in '/home/f1tenth/zed-ros2-wrapper-foxy-v3.7/src/build/zed_interfaces' returned '0': CMAKE_PREFIX_PATH=/opt/ros/foxy /usr/bin/cmake /home/f1tenth/zed-ros2-wrapper-foxy-v3.7/src/zed-ros2-interfaces -DCMAKE_INSTALL_PREFIX=/home/f1tenth/zed-ros2-wrapper-foxy-v3.7/src/install/zed_interfaces
[11.324s] DEBUG:colcon.colcon_core.event_handler.log_command:Invoking command in '/home/f1tenth/zed-ros2-wrapper-foxy-v3.7/src/build/zed_interfaces': CMAKE_PREFIX_PATH=/opt/ros/foxy /usr/bin/cmake --build /home/f1tenth/zed-ros2-wrapper-foxy-v3.7/src/build/zed_interfaces -- -j6 -l6
[43.024s] DEBUG:colcon.colcon_core.event_handler.log_command:Invoked command in '/home/f1tenth/zed-ros2-wrapper-foxy-v3.7/src/build/zed_interfaces' returned '0': CMAKE_PREFIX_PATH=/opt/ros/foxy /usr/bin/cmake --build /home/f1tenth/zed-ros2-wrapper-foxy-v3.7/src/build/zed_interfaces -- -j6 -l6
[43.678s] DEBUG:colcon.colcon_core.event_handler.log_command:Invoking command in '/home/f1tenth/zed-ros2-wrapper-foxy-v3.7/src/build/zed_interfaces': CMAKE_PREFIX_PATH=/opt/ros/foxy /usr/bin/cmake --install /home/f1tenth/zed-ros2-wrapper-foxy-v3.7/src/build/zed_interfaces
[43.976s] Level 1:colcon.colcon_core.environment:create_environment_scripts_only(zed_interfaces)
[43.978s] DEBUG:colcon.colcon_core.event_handler.log_command:Invoked command in '/home/f1tenth/zed-ros2-wrapper-foxy-v3.7/src/build/zed_interfaces' returned '0': CMAKE_PREFIX_PATH=/opt/ros/foxy /usr/bin/cmake --install /home/f1tenth/zed-ros2-wrapper-foxy-v3.7/src/build/zed_interfaces
[44.027s] Level 1:colcon.colcon_core.environment:checking '/home/f1tenth/zed-ros2-wrapper-foxy-v3.7/src/install/zed_interfaces' for CMake module files
[44.029s] Level 1:colcon.colcon_core.environment:checking '/home/f1tenth/zed-ros2-wrapper-foxy-v3.7/src/install/zed_interfaces' for CMake config files
[44.030s] Level 1:colcon.colcon_core.shell:create_environment_hook('zed_interfaces', 'cmake_prefix_path')
[44.057s] INFO:colcon.colcon_core.shell:Creating environment hook '/home/f1tenth/zed-ros2-wrapper-foxy-v3.7/src/install/zed_interfaces/share/zed_interfaces/hook/cmake_prefix_path.ps1'
[44.059s] INFO:colcon.colcon_core.shell:Creating environment descriptor '/home/f1tenth/zed-ros2-wrapper-foxy-v3.7/src/install/zed_interfaces/share/zed_interfaces/hook/cmake_prefix_path.dsv'
[44.059s] INFO:colcon.colcon_core.shell:Creating environment hook '/home/f1tenth/zed-ros2-wrapper-foxy-v3.7/src/install/zed_interfaces/share/zed_interfaces/hook/cmake_prefix_path.sh'
[44.061s] Level 1:colcon.colcon_core.environment:checking '/home/f1tenth/zed-ros2-wrapper-foxy-v3.7/src/install/zed_interfaces/lib'
[44.062s] Level 1:colcon.colcon_core.shell:create_environment_hook('zed_interfaces', 'ld_library_path_lib')
[44.089s] INFO:colcon.colcon_core.shell:Creating environment hook '/home/f1tenth/zed-ros2-wrapper-foxy-v3.7/src/install/zed_interfaces/share/zed_interfaces/hook/ld_library_path_lib.ps1'
[44.090s] INFO:colcon.colcon_core.shell:Creating environment descriptor '/home/f1tenth/zed-ros2-wrapper-foxy-v3.7/src/install/zed_interfaces/share/zed_interfaces/hook/ld_library_path_lib.dsv'
[44.090s] INFO:colcon.colcon_core.shell:Creating environment hook '/home/f1tenth/zed-ros2-wrapper-foxy-v3.7/src/install/zed_interfaces/share/zed_interfaces/hook/ld_library_path_lib.sh'
[44.091s] Level 1:colcon.colcon_core.environment:checking '/home/f1tenth/zed-ros2-wrapper-foxy-v3.7/src/install/zed_interfaces/bin'
[44.091s] Level 1:colcon.colcon_core.environment:checking '/home/f1tenth/zed-ros2-wrapper-foxy-v3.7/src/install/zed_interfaces/lib/pkgconfig/zed_interfaces.pc'
[44.092s] Level 1:colcon.colcon_core.environment:checking '/home/f1tenth/zed-ros2-wrapper-foxy-v3.7/src/install/zed_interfaces/lib/python3.8/site-packages'
[44.092s] Level 1:colcon.colcon_core.shell:create_environment_hook('zed_interfaces', 'pythonpath')
[44.118s] INFO:colcon.colcon_core.shell:Creating environment hook '/home/f1tenth/zed-ros2-wrapper-foxy-v3.7/src/install/zed_interfaces/share/zed_interfaces/hook/pythonpath.ps1'
[44.119s] INFO:colcon.colcon_core.shell:Creating environment descriptor '/home/f1tenth/zed-ros2-wrapper-foxy-v3.7/src/install/zed_interfaces/share/zed_interfaces/hook/pythonpath.dsv'
[44.119s] INFO:colcon.colcon_core.shell:Creating environment hook '/home/f1tenth/zed-ros2-wrapper-foxy-v3.7/src/install/zed_interfaces/share/zed_interfaces/hook/pythonpath.sh'
[44.120s] Level 1:colcon.colcon_core.environment:checking '/home/f1tenth/zed-ros2-wrapper-foxy-v3.7/src/install/zed_interfaces/bin'
[44.147s] INFO:colcon.colcon_core.shell:Creating package script '/home/f1tenth/zed-ros2-wrapper-foxy-v3.7/src/install/zed_interfaces/share/zed_interfaces/package.ps1'
[44.149s] INFO:colcon.colcon_core.shell:Creating package descriptor '/home/f1tenth/zed-ros2-wrapper-foxy-v3.7/src/install/zed_interfaces/share/zed_interfaces/package.dsv'
[44.151s] INFO:colcon.colcon_core.shell:Creating package script '/home/f1tenth/zed-ros2-wrapper-foxy-v3.7/src/install/zed_interfaces/share/zed_interfaces/package.sh'
[44.152s] INFO:colcon.colcon_core.shell:Creating package script '/home/f1tenth/zed-ros2-wrapper-foxy-v3.7/src/install/zed_interfaces/share/zed_interfaces/package.bash'
[44.154s] INFO:colcon.colcon_core.shell:Creating package script '/home/f1tenth/zed-ros2-wrapper-foxy-v3.7/src/install/zed_interfaces/share/zed_interfaces/package.zsh'
[44.155s] Level 1:colcon.colcon_core.environment:create_file_with_runtime_dependencies(/home/f1tenth/zed-ros2-wrapper-foxy-v3.7/src/install/zed_interfaces/share/colcon-core/packages/zed_interfaces)
[44.810s] Level 1:colcon.colcon_core.environment:create_environment_scripts_only(zed_interfaces)
[44.836s] Level 1:colcon.colcon_core.environment:checking '/home/f1tenth/zed-ros2-wrapper-foxy-v3.7/src/install/zed_interfaces' for CMake module files
[44.838s] Level 1:colcon.colcon_core.environment:checking '/home/f1tenth/zed-ros2-wrapper-foxy-v3.7/src/install/zed_interfaces' for CMake config files
[44.839s] Level 1:colcon.colcon_core.shell:create_environment_hook('zed_interfaces', 'cmake_prefix_path')
[44.865s] INFO:colcon.colcon_core.shell:Creating environment hook '/home/f1tenth/zed-ros2-wrapper-foxy-v3.7/src/install/zed_interfaces/share/zed_interfaces/hook/cmake_prefix_path.ps1'
[44.866s] INFO:colcon.colcon_core.shell:Creating environment descriptor '/home/f1tenth/zed-ros2-wrapper-foxy-v3.7/src/install/zed_interfaces/share/zed_interfaces/hook/cmake_prefix_path.dsv'
[44.867s] INFO:colcon.colcon_core.shell:Creating environment hook '/home/f1tenth/zed-ros2-wrapper-foxy-v3.7/src/install/zed_interfaces/share/zed_interfaces/hook/cmake_prefix_path.sh'
[44.868s] Level 1:colcon.colcon_core.environment:checking '/home/f1tenth/zed-ros2-wrapper-foxy-v3.7/src/install/zed_interfaces/lib'
[44.868s] Level 1:colcon.colcon_core.shell:create_environment_hook('zed_interfaces', 'ld_library_path_lib')
[44.894s] INFO:colcon.colcon_core.shell:Creating environment hook '/home/f1tenth/zed-ros2-wrapper-foxy-v3.7/src/install/zed_interfaces/share/zed_interfaces/hook/ld_library_path_lib.ps1'
[44.895s] INFO:colcon.colcon_core.shell:Creating environment descriptor '/home/f1tenth/zed-ros2-wrapper-foxy-v3.7/src/install/zed_interfaces/share/zed_interfaces/hook/ld_library_path_lib.dsv'
[44.895s] INFO:colcon.colcon_core.shell:Creating environment hook '/home/f1tenth/zed-ros2-wrapper-foxy-v3.7/src/install/zed_interfaces/share/zed_interfaces/hook/ld_library_path_lib.sh'
[44.896s] Level 1:colcon.colcon_core.environment:checking '/home/f1tenth/zed-ros2-wrapper-foxy-v3.7/src/install/zed_interfaces/bin'
[44.896s] Level 1:colcon.colcon_core.environment:checking '/home/f1tenth/zed-ros2-wrapper-foxy-v3.7/src/install/zed_interfaces/lib/pkgconfig/zed_interfaces.pc'
[44.897s] Level 1:colcon.colcon_core.environment:checking '/home/f1tenth/zed-ros2-wrapper-foxy-v3.7/src/install/zed_interfaces/lib/python3.8/site-packages'
[44.897s] Level 1:colcon.colcon_core.shell:create_environment_hook('zed_interfaces', 'pythonpath')
[44.922s] INFO:colcon.colcon_core.shell:Creating environment hook '/home/f1tenth/zed-ros2-wrapper-foxy-v3.7/src/install/zed_interfaces/share/zed_interfaces/hook/pythonpath.ps1'
[44.923s] INFO:colcon.colcon_core.shell:Creating environment descriptor '/home/f1tenth/zed-ros2-wrapper-foxy-v3.7/src/install/zed_interfaces/share/zed_interfaces/hook/pythonpath.dsv'
[44.924s] INFO:colcon.colcon_core.shell:Creating environment hook '/home/f1tenth/zed-ros2-wrapper-foxy-v3.7/src/install/zed_interfaces/share/zed_interfaces/hook/pythonpath.sh'
[44.925s] Level 1:colcon.colcon_core.environment:checking '/home/f1tenth/zed-ros2-wrapper-foxy-v3.7/src/install/zed_interfaces/bin'
[44.951s] INFO:colcon.colcon_core.shell:Creating package script '/home/f1tenth/zed-ros2-wrapper-foxy-v3.7/src/install/zed_interfaces/share/zed_interfaces/package.ps1'
[44.952s] INFO:colcon.colcon_core.shell:Creating package descriptor '/home/f1tenth/zed-ros2-wrapper-foxy-v3.7/src/install/zed_interfaces/share/zed_interfaces/package.dsv'
[44.954s] INFO:colcon.colcon_core.shell:Creating package script '/home/f1tenth/zed-ros2-wrapper-foxy-v3.7/src/install/zed_interfaces/share/zed_interfaces/package.sh'
[44.954s] INFO:colcon.colcon_core.shell:Creating package script '/home/f1tenth/zed-ros2-wrapper-foxy-v3.7/src/install/zed_interfaces/share/zed_interfaces/package.bash'
[44.955s] INFO:colcon.colcon_core.shell:Creating package script '/home/f1tenth/zed-ros2-wrapper-foxy-v3.7/src/install/zed_interfaces/share/zed_interfaces/package.zsh'
[44.956s] Level 1:colcon.colcon_core.environment:create_file_with_runtime_dependencies(/home/f1tenth/zed-ros2-wrapper-foxy-v3.7/src/install/zed_interfaces/share/colcon-core/packages/zed_interfaces)
[44.957s] INFO:colcon.colcon_ros.task.ament_cmake.build:Building ROS package in '/home/f1tenth/zed-ros2-wrapper-foxy-v3.7/src/zed_components' with build type 'ament_cmake'
[44.958s] INFO:colcon.colcon_cmake.task.cmake.build:Building CMake package in '/home/f1tenth/zed-ros2-wrapper-foxy-v3.7/src/zed_components'
[44.984s] INFO:colcon.colcon_core.shell:Skip shell extension 'powershell' for command environment: Not usable outside of PowerShell
[44.985s] DEBUG:colcon.colcon_core.shell:Skip shell extension 'dsv' for command environment
[45.058s] DEBUG:colcon.colcon_core.event_handler.log_command:Invoking command in '/home/f1tenth/zed-ros2-wrapper-foxy-v3.7/src/build/zed_components': AMENT_PREFIX_PATH=/home/f1tenth/zed-ros2-wrapper-foxy-v3.7/src/install/zed_interfaces:${AMENT_PREFIX_PATH} CMAKE_PREFIX_PATH=/home/f1tenth/zed-ros2-wrapper-foxy-v3.7/src/install/zed_interfaces:/opt/ros/foxy LD_LIBRARY_PATH=/home/f1tenth/zed-ros2-wrapper-foxy-v3.7/src/install/zed_interfaces/lib:/opt/ros/foxy/opt/yaml_cpp_vendor/lib:/opt/ros/foxy/opt/rviz_ogre_vendor/lib:/opt/ros/foxy/lib/aarch64-linux-gnu:/opt/ros/foxy/lib:/usr/local/cuda-11.4/lib64:/usr/local/lib:/usr/local/lib:/usr/local/lib:/usr/local/lib:/usr/local/lib PYTHONPATH=/home/f1tenth/zed-ros2-wrapper-foxy-v3.7/src/install/zed_interfaces/lib/python3.8/site-packages:/opt/ros/foxy/lib/python3.8/site-packages:/usr/lib/python3.8/site-packages/range_libc-0.1-py3.8-linux-aarch64.egg /usr/bin/cmake /home/f1tenth/zed-ros2-wrapper-foxy-v3.7/src/zed_components -DCMAKE_INSTALL_PREFIX=/home/f1tenth/zed-ros2-wrapper-foxy-v3.7/src/install/zed_components
[51.309s] DEBUG:colcon.colcon_core.event_handler.log_command:Invoked command in '/home/f1tenth/zed-ros2-wrapper-foxy-v3.7/src/build/zed_components' returned '0': AMENT_PREFIX_PATH=/home/f1tenth/zed-ros2-wrapper-foxy-v3.7/src/install/zed_interfaces:${AMENT_PREFIX_PATH} CMAKE_PREFIX_PATH=/home/f1tenth/zed-ros2-wrapper-foxy-v3.7/src/install/zed_interfaces:/opt/ros/foxy LD_LIBRARY_PATH=/home/f1tenth/zed-ros2-wrapper-foxy-v3.7/src/install/zed_interfaces/lib:/opt/ros/foxy/opt/yaml_cpp_vendor/lib:/opt/ros/foxy/opt/rviz_ogre_vendor/lib:/opt/ros/foxy/lib/aarch64-linux-gnu:/opt/ros/foxy/lib:/usr/local/cuda-11.4/lib64:/usr/local/lib:/usr/local/lib:/usr/local/lib:/usr/local/lib:/usr/local/lib PYTHONPATH=/home/f1tenth/zed-ros2-wrapper-foxy-v3.7/src/install/zed_interfaces/lib/python3.8/site-packages:/opt/ros/foxy/lib/python3.8/site-packages:/usr/lib/python3.8/site-packages/range_libc-0.1-py3.8-linux-aarch64.egg /usr/bin/cmake /home/f1tenth/zed-ros2-wrapper-foxy-v3.7/src/zed_components -DCMAKE_INSTALL_PREFIX=/home/f1tenth/zed-ros2-wrapper-foxy-v3.7/src/install/zed_components
[51.317s] DEBUG:colcon.colcon_core.event_handler.log_command:Invoking command in '/home/f1tenth/zed-ros2-wrapper-foxy-v3.7/src/build/zed_components': AMENT_PREFIX_PATH=/home/f1tenth/zed-ros2-wrapper-foxy-v3.7/src/install/zed_interfaces:${AMENT_PREFIX_PATH} CMAKE_PREFIX_PATH=/home/f1tenth/zed-ros2-wrapper-foxy-v3.7/src/install/zed_interfaces:/opt/ros/foxy LD_LIBRARY_PATH=/home/f1tenth/zed-ros2-wrapper-foxy-v3.7/src/install/zed_interfaces/lib:/opt/ros/foxy/opt/yaml_cpp_vendor/lib:/opt/ros/foxy/opt/rviz_ogre_vendor/lib:/opt/ros/foxy/lib/aarch64-linux-gnu:/opt/ros/foxy/lib:/usr/local/cuda-11.4/lib64:/usr/local/lib:/usr/local/lib:/usr/local/lib:/usr/local/lib:/usr/local/lib PYTHONPATH=/home/f1tenth/zed-ros2-wrapper-foxy-v3.7/src/install/zed_interfaces/lib/python3.8/site-packages:/opt/ros/foxy/lib/python3.8/site-packages:/usr/lib/python3.8/site-packages/range_libc-0.1-py3.8-linux-aarch64.egg /usr/bin/cmake --build /home/f1tenth/zed-ros2-wrapper-foxy-v3.7/src/build/zed_components -- -j6 -l6
[185.314s] DEBUG:colcon.colcon_core.event_handler.log_command:Invoked command in '/home/f1tenth/zed-ros2-wrapper-foxy-v3.7/src/build/zed_components' returned '0': AMENT_PREFIX_PATH=/home/f1tenth/zed-ros2-wrapper-foxy-v3.7/src/install/zed_interfaces:${AMENT_PREFIX_PATH} CMAKE_PREFIX_PATH=/home/f1tenth/zed-ros2-wrapper-foxy-v3.7/src/install/zed_interfaces:/opt/ros/foxy LD_LIBRARY_PATH=/home/f1tenth/zed-ros2-wrapper-foxy-v3.7/src/install/zed_interfaces/lib:/opt/ros/foxy/opt/yaml_cpp_vendor/lib:/opt/ros/foxy/opt/rviz_ogre_vendor/lib:/opt/ros/foxy/lib/aarch64-linux-gnu:/opt/ros/foxy/lib:/usr/local/cuda-11.4/lib64:/usr/local/lib:/usr/local/lib:/usr/local/lib:/usr/local/lib:/usr/local/lib PYTHONPATH=/home/f1tenth/zed-ros2-wrapper-foxy-v3.7/src/install/zed_interfaces/lib/python3.8/site-packages:/opt/ros/foxy/lib/python3.8/site-packages:/usr/lib/python3.8/site-packages/range_libc-0.1-py3.8-linux-aarch64.egg /usr/bin/cmake --build /home/f1tenth/zed-ros2-wrapper-foxy-v3.7/src/build/zed_components -- -j6 -l6
[185.378s] DEBUG:colcon.colcon_core.event_handler.log_command:Invoking command in '/home/f1tenth/zed-ros2-wrapper-foxy-v3.7/src/build/zed_components': AMENT_PREFIX_PATH=/home/f1tenth/zed-ros2-wrapper-foxy-v3.7/src/install/zed_interfaces:${AMENT_PREFIX_PATH} CMAKE_PREFIX_PATH=/home/f1tenth/zed-ros2-wrapper-foxy-v3.7/src/install/zed_interfaces:/opt/ros/foxy LD_LIBRARY_PATH=/home/f1tenth/zed-ros2-wrapper-foxy-v3.7/src/install/zed_interfaces/lib:/opt/ros/foxy/opt/yaml_cpp_vendor/lib:/opt/ros/foxy/opt/rviz_ogre_vendor/lib:/opt/ros/foxy/lib/aarch64-linux-gnu:/opt/ros/foxy/lib:/usr/local/cuda-11.4/lib64:/usr/local/lib:/usr/local/lib:/usr/local/lib:/usr/local/lib:/usr/local/lib PYTHONPATH=/home/f1tenth/zed-ros2-wrapper-foxy-v3.7/src/install/zed_interfaces/lib/python3.8/site-packages:/opt/ros/foxy/lib/python3.8/site-packages:/usr/lib/python3.8/site-packages/range_libc-0.1-py3.8-linux-aarch64.egg /usr/bin/cmake --install /home/f1tenth/zed-ros2-wrapper-foxy-v3.7/src/build/zed_components
[185.418s] Level 1:colcon.colcon_core.environment:create_environment_scripts_only(zed_components)
[185.419s] DEBUG:colcon.colcon_core.event_handler.log_command:Invoked command in '/home/f1tenth/zed-ros2-wrapper-foxy-v3.7/src/build/zed_components' returned '0': AMENT_PREFIX_PATH=/home/f1tenth/zed-ros2-wrapper-foxy-v3.7/src/install/zed_interfaces:${AMENT_PREFIX_PATH} CMAKE_PREFIX_PATH=/home/f1tenth/zed-ros2-wrapper-foxy-v3.7/src/install/zed_interfaces:/opt/ros/foxy LD_LIBRARY_PATH=/home/f1tenth/zed-ros2-wrapper-foxy-v3.7/src/install/zed_interfaces/lib:/opt/ros/foxy/opt/yaml_cpp_vendor/lib:/opt/ros/foxy/opt/rviz_ogre_vendor/lib:/opt/ros/foxy/lib/aarch64-linux-gnu:/opt/ros/foxy/lib:/usr/local/cuda-11.4/lib64:/usr/local/lib:/usr/local/lib:/usr/local/lib:/usr/local/lib:/usr/local/lib PYTHONPATH=/home/f1tenth/zed-ros2-wrapper-foxy-v3.7/src/install/zed_interfaces/lib/python3.8/site-packages:/opt/ros/foxy/lib/python3.8/site-packages:/usr/lib/python3.8/site-packages/range_libc-0.1-py3.8-linux-aarch64.egg /usr/bin/cmake --install /home/f1tenth/zed-ros2-wrapper-foxy-v3.7/src/build/zed_components
[185.462s] Level 1:colcon.colcon_core.environment:checking '/home/f1tenth/zed-ros2-wrapper-foxy-v3.7/src/install/zed_components' for CMake module files
[185.463s] Level 1:colcon.colcon_core.environment:checking '/home/f1tenth/zed-ros2-wrapper-foxy-v3.7/src/install/zed_components' for CMake config files
[185.464s] Level 1:colcon.colcon_core.shell:create_environment_hook('zed_components', 'cmake_prefix_path')
[185.490s] INFO:colcon.colcon_core.shell:Creating environment hook '/home/f1tenth/zed-ros2-wrapper-foxy-v3.7/src/install/zed_components/share/zed_components/hook/cmake_prefix_path.ps1'
[185.492s] INFO:colcon.colcon_core.shell:Creating environment descriptor '/home/f1tenth/zed-ros2-wrapper-foxy-v3.7/src/install/zed_components/share/zed_components/hook/cmake_prefix_path.dsv'
[185.492s] INFO:colcon.colcon_core.shell:Creating environment hook '/home/f1tenth/zed-ros2-wrapper-foxy-v3.7/src/install/zed_components/share/zed_components/hook/cmake_prefix_path.sh'
[185.494s] Level 1:colcon.colcon_core.environment:checking '/home/f1tenth/zed-ros2-wrapper-foxy-v3.7/src/install/zed_components/lib'
[185.494s] Level 1:colcon.colcon_core.shell:create_environment_hook('zed_components', 'ld_library_path_lib')
[185.520s] INFO:colcon.colcon_core.shell:Creating environment hook '/home/f1tenth/zed-ros2-wrapper-foxy-v3.7/src/install/zed_components/share/zed_components/hook/ld_library_path_lib.ps1'
[185.521s] INFO:colcon.colcon_core.shell:Creating environment descriptor '/home/f1tenth/zed-ros2-wrapper-foxy-v3.7/src/install/zed_components/share/zed_components/hook/ld_library_path_lib.dsv'
[185.522s] INFO:colcon.colcon_core.shell:Creating environment hook '/home/f1tenth/zed-ros2-wrapper-foxy-v3.7/src/install/zed_components/share/zed_components/hook/ld_library_path_lib.sh'
[185.522s] Level 1:colcon.colcon_core.environment:checking '/home/f1tenth/zed-ros2-wrapper-foxy-v3.7/src/install/zed_components/bin'
[185.523s] Level 1:colcon.colcon_core.environment:checking '/home/f1tenth/zed-ros2-wrapper-foxy-v3.7/src/install/zed_components/lib/pkgconfig/zed_components.pc'
[185.523s] Level 1:colcon.colcon_core.environment:checking '/home/f1tenth/zed-ros2-wrapper-foxy-v3.7/src/install/zed_components/lib/python3.8/site-packages'
[185.523s] Level 1:colcon.colcon_core.environment:checking '/home/f1tenth/zed-ros2-wrapper-foxy-v3.7/src/install/zed_components/bin'
[185.549s] INFO:colcon.colcon_core.shell:Creating package script '/home/f1tenth/zed-ros2-wrapper-foxy-v3.7/src/install/zed_components/share/zed_components/package.ps1'
[185.551s] INFO:colcon.colcon_core.shell:Creating package descriptor '/home/f1tenth/zed-ros2-wrapper-foxy-v3.7/src/install/zed_components/share/zed_components/package.dsv'
[185.551s] INFO:colcon.colcon_core.shell:Creating package script '/home/f1tenth/zed-ros2-wrapper-foxy-v3.7/src/install/zed_components/share/zed_components/package.sh'
[185.552s] INFO:colcon.colcon_core.shell:Creating package script '/home/f1tenth/zed-ros2-wrapper-foxy-v3.7/src/install/zed_components/share/zed_components/package.bash'
[185.553s] INFO:colcon.colcon_core.shell:Creating package script '/home/f1tenth/zed-ros2-wrapper-foxy-v3.7/src/install/zed_components/share/zed_components/package.zsh'
[185.553s] Level 1:colcon.colcon_core.environment:create_file_with_runtime_dependencies(/home/f1tenth/zed-ros2-wrapper-foxy-v3.7/src/install/zed_components/share/colcon-core/packages/zed_components)
[185.640s] Level 1:colcon.colcon_core.environment:create_environment_scripts_only(zed_components)
[185.665s] Level 1:colcon.colcon_core.environment:checking '/home/f1tenth/zed-ros2-wrapper-foxy-v3.7/src/install/zed_components' for CMake module files
[185.666s] Level 1:colcon.colcon_core.environment:checking '/home/f1tenth/zed-ros2-wrapper-foxy-v3.7/src/install/zed_components' for CMake config files
[185.667s] Level 1:colcon.colcon_core.shell:create_environment_hook('zed_components', 'cmake_prefix_path')
[185.693s] INFO:colcon.colcon_core.shell:Creating environment hook '/home/f1tenth/zed-ros2-wrapper-foxy-v3.7/src/install/zed_components/share/zed_components/hook/cmake_prefix_path.ps1'
[185.694s] INFO:colcon.colcon_core.shell:Creating environment descriptor '/home/f1tenth/zed-ros2-wrapper-foxy-v3.7/src/install/zed_components/share/zed_components/hook/cmake_prefix_path.dsv'
[185.695s] INFO:colcon.colcon_core.shell:Creating environment hook '/home/f1tenth/zed-ros2-wrapper-foxy-v3.7/src/install/zed_components/share/zed_components/hook/cmake_prefix_path.sh'
[185.696s] Level 1:colcon.colcon_core.environment:checking '/home/f1tenth/zed-ros2-wrapper-foxy-v3.7/src/install/zed_components/lib'
[185.696s] Level 1:colcon.colcon_core.shell:create_environment_hook('zed_components', 'ld_library_path_lib')
[185.722s] INFO:colcon.colcon_core.shell:Creating environment hook '/home/f1tenth/zed-ros2-wrapper-foxy-v3.7/src/install/zed_components/share/zed_components/hook/ld_library_path_lib.ps1'
[185.723s] INFO:colcon.colcon_core.shell:Creating environment descriptor '/home/f1tenth/zed-ros2-wrapper-foxy-v3.7/src/install/zed_components/share/zed_components/hook/ld_library_path_lib.dsv'
[185.723s] INFO:colcon.colcon_core.shell:Creating environment hook '/home/f1tenth/zed-ros2-wrapper-foxy-v3.7/src/install/zed_components/share/zed_components/hook/ld_library_path_lib.sh'
[185.724s] Level 1:colcon.colcon_core.environment:checking '/home/f1tenth/zed-ros2-wrapper-foxy-v3.7/src/install/zed_components/bin'
[185.724s] Level 1:colcon.colcon_core.environment:checking '/home/f1tenth/zed-ros2-wrapper-foxy-v3.7/src/install/zed_components/lib/pkgconfig/zed_components.pc'
[185.725s] Level 1:colcon.colcon_core.environment:checking '/home/f1tenth/zed-ros2-wrapper-foxy-v3.7/src/install/zed_components/lib/python3.8/site-packages'
[185.725s] Level 1:colcon.colcon_core.environment:checking '/home/f1tenth/zed-ros2-wrapper-foxy-v3.7/src/install/zed_components/bin'
[185.751s] INFO:colcon.colcon_core.shell:Creating package script '/home/f1tenth/zed-ros2-wrapper-foxy-v3.7/src/install/zed_components/share/zed_components/package.ps1'
[185.752s] INFO:colcon.colcon_core.shell:Creating package descriptor '/home/f1tenth/zed-ros2-wrapper-foxy-v3.7/src/install/zed_components/share/zed_components/package.dsv'
[185.753s] INFO:colcon.colcon_core.shell:Creating package script '/home/f1tenth/zed-ros2-wrapper-foxy-v3.7/src/install/zed_components/share/zed_components/package.sh'
[185.754s] INFO:colcon.colcon_core.shell:Creating package script '/home/f1tenth/zed-ros2-wrapper-foxy-v3.7/src/install/zed_components/share/zed_components/package.bash'
[185.755s] INFO:colcon.colcon_core.shell:Creating package script '/home/f1tenth/zed-ros2-wrapper-foxy-v3.7/src/install/zed_components/share/zed_components/package.zsh'
[185.755s] Level 1:colcon.colcon_core.environment:create_file_with_runtime_dependencies(/home/f1tenth/zed-ros2-wrapper-foxy-v3.7/src/install/zed_components/share/colcon-core/packages/zed_components)
[185.757s] INFO:colcon.colcon_ros.task.ament_cmake.build:Building ROS package in '/home/f1tenth/zed-ros2-wrapper-foxy-v3.7/src/zed_wrapper' with build type 'ament_cmake'
[185.757s] INFO:colcon.colcon_cmake.task.cmake.build:Building CMake package in '/home/f1tenth/zed-ros2-wrapper-foxy-v3.7/src/zed_wrapper'
[185.785s] INFO:colcon.colcon_core.shell:Skip shell extension 'powershell' for command environment: Not usable outside of PowerShell
[185.785s] DEBUG:colcon.colcon_core.shell:Skip shell extension 'dsv' for command environment
[185.864s] DEBUG:colcon.colcon_core.event_handler.log_command:Invoking command in '/home/f1tenth/zed-ros2-wrapper-foxy-v3.7/src/build/zed_wrapper': AMENT_PREFIX_PATH=/home/f1tenth/zed-ros2-wrapper-foxy-v3.7/src/install/zed_components:/home/f1tenth/zed-ros2-wrapper-foxy-v3.7/src/install/zed_interfaces:${AMENT_PREFIX_PATH} CMAKE_PREFIX_PATH=/home/f1tenth/zed-ros2-wrapper-foxy-v3.7/src/install/zed_components:/home/f1tenth/zed-ros2-wrapper-foxy-v3.7/src/install/zed_interfaces:/opt/ros/foxy LD_LIBRARY_PATH=/home/f1tenth/zed-ros2-wrapper-foxy-v3.7/src/install/zed_components/lib:/home/f1tenth/zed-ros2-wrapper-foxy-v3.7/src/install/zed_interfaces/lib:/opt/ros/foxy/opt/yaml_cpp_vendor/lib:/opt/ros/foxy/opt/rviz_ogre_vendor/lib:/opt/ros/foxy/lib/aarch64-linux-gnu:/opt/ros/foxy/lib:/usr/local/cuda-11.4/lib64:/usr/local/lib:/usr/local/lib:/usr/local/lib:/usr/local/lib:/usr/local/lib PYTHONPATH=/home/f1tenth/zed-ros2-wrapper-foxy-v3.7/src/install/zed_interfaces/lib/python3.8/site-packages:/opt/ros/foxy/lib/python3.8/site-packages:/usr/lib/python3.8/site-packages/range_libc-0.1-py3.8-linux-aarch64.egg /usr/bin/cmake /home/f1tenth/zed-ros2-wrapper-foxy-v3.7/src/zed_wrapper -DCMAKE_INSTALL_PREFIX=/home/f1tenth/zed-ros2-wrapper-foxy-v3.7/src/install/zed_wrapper
[193.180s] DEBUG:colcon.colcon_core.event_handler.log_command:Invoked command in '/home/f1tenth/zed-ros2-wrapper-foxy-v3.7/src/build/zed_wrapper' returned '0': AMENT_PREFIX_PATH=/home/f1tenth/zed-ros2-wrapper-foxy-v3.7/src/install/zed_components:/home/f1tenth/zed-ros2-wrapper-foxy-v3.7/src/install/zed_interfaces:${AMENT_PREFIX_PATH} CMAKE_PREFIX_PATH=/home/f1tenth/zed-ros2-wrapper-foxy-v3.7/src/install/zed_components:/home/f1tenth/zed-ros2-wrapper-foxy-v3.7/src/install/zed_interfaces:/opt/ros/foxy LD_LIBRARY_PATH=/home/f1tenth/zed-ros2-wrapper-foxy-v3.7/src/install/zed_components/lib:/home/f1tenth/zed-ros2-wrapper-foxy-v3.7/src/install/zed_interfaces/lib:/opt/ros/foxy/opt/yaml_cpp_vendor/lib:/opt/ros/foxy/opt/rviz_ogre_vendor/lib:/opt/ros/foxy/lib/aarch64-linux-gnu:/opt/ros/foxy/lib:/usr/local/cuda-11.4/lib64:/usr/local/lib:/usr/local/lib:/usr/local/lib:/usr/local/lib:/usr/local/lib PYTHONPATH=/home/f1tenth/zed-ros2-wrapper-foxy-v3.7/src/install/zed_interfaces/lib/python3.8/site-packages:/opt/ros/foxy/lib/python3.8/site-packages:/usr/lib/python3.8/site-packages/range_libc-0.1-py3.8-linux-aarch64.egg /usr/bin/cmake /home/f1tenth/zed-ros2-wrapper-foxy-v3.7/src/zed_wrapper -DCMAKE_INSTALL_PREFIX=/home/f1tenth/zed-ros2-wrapper-foxy-v3.7/src/install/zed_wrapper
[193.188s] DEBUG:colcon.colcon_core.event_handler.log_command:Invoking command in '/home/f1tenth/zed-ros2-wrapper-foxy-v3.7/src/build/zed_wrapper': AMENT_PREFIX_PATH=/home/f1tenth/zed-ros2-wrapper-foxy-v3.7/src/install/zed_components:/home/f1tenth/zed-ros2-wrapper-foxy-v3.7/src/install/zed_interfaces:${AMENT_PREFIX_PATH} CMAKE_PREFIX_PATH=/home/f1tenth/zed-ros2-wrapper-foxy-v3.7/src/install/zed_components:/home/f1tenth/zed-ros2-wrapper-foxy-v3.7/src/install/zed_interfaces:/opt/ros/foxy LD_LIBRARY_PATH=/home/f1tenth/zed-ros2-wrapper-foxy-v3.7/src/install/zed_components/lib:/home/f1tenth/zed-ros2-wrapper-foxy-v3.7/src/install/zed_interfaces/lib:/opt/ros/foxy/opt/yaml_cpp_vendor/lib:/opt/ros/foxy/opt/rviz_ogre_vendor/lib:/opt/ros/foxy/lib/aarch64-linux-gnu:/opt/ros/foxy/lib:/usr/local/cuda-11.4/lib64:/usr/local/lib:/usr/local/lib:/usr/local/lib:/usr/local/lib:/usr/local/lib PYTHONPATH=/home/f1tenth/zed-ros2-wrapper-foxy-v3.7/src/install/zed_interfaces/lib/python3.8/site-packages:/opt/ros/foxy/lib/python3.8/site-packages:/usr/lib/python3.8/site-packages/range_libc-0.1-py3.8-linux-aarch64.egg /usr/bin/cmake --build /home/f1tenth/zed-ros2-wrapper-foxy-v3.7/src/build/zed_wrapper -- -j6 -l6
[202.085s] DEBUG:colcon.colcon_core.event_handler.log_command:Invoked command in '/home/f1tenth/zed-ros2-wrapper-foxy-v3.7/src/build/zed_wrapper' returned '0': AMENT_PREFIX_PATH=/home/f1tenth/zed-ros2-wrapper-foxy-v3.7/src/install/zed_components:/home/f1tenth/zed-ros2-wrapper-foxy-v3.7/src/install/zed_interfaces:${AMENT_PREFIX_PATH} CMAKE_PREFIX_PATH=/home/f1tenth/zed-ros2-wrapper-foxy-v3.7/src/install/zed_components:/home/f1tenth/zed-ros2-wrapper-foxy-v3.7/src/install/zed_interfaces:/opt/ros/foxy LD_LIBRARY_PATH=/home/f1tenth/zed-ros2-wrapper-foxy-v3.7/src/install/zed_components/lib:/home/f1tenth/zed-ros2-wrapper-foxy-v3.7/src/install/zed_interfaces/lib:/opt/ros/foxy/opt/yaml_cpp_vendor/lib:/opt/ros/foxy/opt/rviz_ogre_vendor/lib:/opt/ros/foxy/lib/aarch64-linux-gnu:/opt/ros/foxy/lib:/usr/local/cuda-11.4/lib64:/usr/local/lib:/usr/local/lib:/usr/local/lib:/usr/local/lib:/usr/local/lib PYTHONPATH=/home/f1tenth/zed-ros2-wrapper-foxy-v3.7/src/install/zed_interfaces/lib/python3.8/site-packages:/opt/ros/foxy/lib/python3.8/site-packages:/usr/lib/python3.8/site-packages/range_libc-0.1-py3.8-linux-aarch64.egg /usr/bin/cmake --build /home/f1tenth/zed-ros2-wrapper-foxy-v3.7/src/build/zed_wrapper -- -j6 -l6
[202.148s] DEBUG:colcon.colcon_core.event_handler.log_command:Invoking command in '/home/f1tenth/zed-ros2-wrapper-foxy-v3.7/src/build/zed_wrapper': AMENT_PREFIX_PATH=/home/f1tenth/zed-ros2-wrapper-foxy-v3.7/src/install/zed_components:/home/f1tenth/zed-ros2-wrapper-foxy-v3.7/src/install/zed_interfaces:${AMENT_PREFIX_PATH} CMAKE_PREFIX_PATH=/home/f1tenth/zed-ros2-wrapper-foxy-v3.7/src/install/zed_components:/home/f1tenth/zed-ros2-wrapper-foxy-v3.7/src/install/zed_interfaces:/opt/ros/foxy LD_LIBRARY_PATH=/home/f1tenth/zed-ros2-wrapper-foxy-v3.7/src/install/zed_components/lib:/home/f1tenth/zed-ros2-wrapper-foxy-v3.7/src/install/zed_interfaces/lib:/opt/ros/foxy/opt/yaml_cpp_vendor/lib:/opt/ros/foxy/opt/rviz_ogre_vendor/lib:/opt/ros/foxy/lib/aarch64-linux-gnu:/opt/ros/foxy/lib:/usr/local/cuda-11.4/lib64:/usr/local/lib:/usr/local/lib:/usr/local/lib:/usr/local/lib:/usr/local/lib PYTHONPATH=/home/f1tenth/zed-ros2-wrapper-foxy-v3.7/src/install/zed_interfaces/lib/python3.8/site-packages:/opt/ros/foxy/lib/python3.8/site-packages:/usr/lib/python3.8/site-packages/range_libc-0.1-py3.8-linux-aarch64.egg /usr/bin/cmake --install /home/f1tenth/zed-ros2-wrapper-foxy-v3.7/src/build/zed_wrapper
[202.185s] Level 1:colcon.colcon_core.environment:create_environment_scripts_only(zed_wrapper)
[202.187s] DEBUG:colcon.colcon_core.event_handler.log_command:Invoked command in '/home/f1tenth/zed-ros2-wrapper-foxy-v3.7/src/build/zed_wrapper' returned '0': AMENT_PREFIX_PATH=/home/f1tenth/zed-ros2-wrapper-foxy-v3.7/src/install/zed_components:/home/f1tenth/zed-ros2-wrapper-foxy-v3.7/src/install/zed_interfaces:${AMENT_PREFIX_PATH} CMAKE_PREFIX_PATH=/home/f1tenth/zed-ros2-wrapper-foxy-v3.7/src/install/zed_components:/home/f1tenth/zed-ros2-wrapper-foxy-v3.7/src/install/zed_interfaces:/opt/ros/foxy LD_LIBRARY_PATH=/home/f1tenth/zed-ros2-wrapper-foxy-v3.7/src/install/zed_components/lib:/home/f1tenth/zed-ros2-wrapper-foxy-v3.7/src/install/zed_interfaces/lib:/opt/ros/foxy/opt/yaml_cpp_vendor/lib:/opt/ros/foxy/opt/rviz_ogre_vendor/lib:/opt/ros/foxy/lib/aarch64-linux-gnu:/opt/ros/foxy/lib:/usr/local/cuda-11.4/lib64:/usr/local/lib:/usr/local/lib:/usr/local/lib:/usr/local/lib:/usr/local/lib PYTHONPATH=/home/f1tenth/zed-ros2-wrapper-foxy-v3.7/src/install/zed_interfaces/lib/python3.8/site-packages:/opt/ros/foxy/lib/python3.8/site-packages:/usr/lib/python3.8/site-packages/range_libc-0.1-py3.8-linux-aarch64.egg /usr/bin/cmake --install /home/f1tenth/zed-ros2-wrapper-foxy-v3.7/src/build/zed_wrapper
[202.227s] Level 1:colcon.colcon_core.environment:checking '/home/f1tenth/zed-ros2-wrapper-foxy-v3.7/src/install/zed_wrapper' for CMake module files
[202.228s] Level 1:colcon.colcon_core.environment:checking '/home/f1tenth/zed-ros2-wrapper-foxy-v3.7/src/install/zed_wrapper' for CMake config files
[202.229s] Level 1:colcon.colcon_core.shell:create_environment_hook('zed_wrapper', 'cmake_prefix_path')
[202.255s] INFO:colcon.colcon_core.shell:Creating environment hook '/home/f1tenth/zed-ros2-wrapper-foxy-v3.7/src/install/zed_wrapper/share/zed_wrapper/hook/cmake_prefix_path.ps1'
[202.256s] INFO:colcon.colcon_core.shell:Creating environment descriptor '/home/f1tenth/zed-ros2-wrapper-foxy-v3.7/src/install/zed_wrapper/share/zed_wrapper/hook/cmake_prefix_path.dsv'
[202.257s] INFO:colcon.colcon_core.shell:Creating environment hook '/home/f1tenth/zed-ros2-wrapper-foxy-v3.7/src/install/zed_wrapper/share/zed_wrapper/hook/cmake_prefix_path.sh'
[202.258s] Level 1:colcon.colcon_core.environment:checking '/home/f1tenth/zed-ros2-wrapper-foxy-v3.7/src/install/zed_wrapper/lib'
[202.258s] Level 1:colcon.colcon_core.environment:checking '/home/f1tenth/zed-ros2-wrapper-foxy-v3.7/src/install/zed_wrapper/bin'
[202.258s] Level 1:colcon.colcon_core.environment:checking '/home/f1tenth/zed-ros2-wrapper-foxy-v3.7/src/install/zed_wrapper/lib/pkgconfig/zed_wrapper.pc'
[202.259s] Level 1:colcon.colcon_core.environment:checking '/home/f1tenth/zed-ros2-wrapper-foxy-v3.7/src/install/zed_wrapper/lib/python3.8/site-packages'
[202.259s] Level 1:colcon.colcon_core.environment:checking '/home/f1tenth/zed-ros2-wrapper-foxy-v3.7/src/install/zed_wrapper/bin'
[202.287s] INFO:colcon.colcon_core.shell:Creating package script '/home/f1tenth/zed-ros2-wrapper-foxy-v3.7/src/install/zed_wrapper/share/zed_wrapper/package.ps1'
[202.288s] INFO:colcon.colcon_core.shell:Creating package descriptor '/home/f1tenth/zed-ros2-wrapper-foxy-v3.7/src/install/zed_wrapper/share/zed_wrapper/package.dsv'
[202.289s] INFO:colcon.colcon_core.shell:Creating package script '/home/f1tenth/zed-ros2-wrapper-foxy-v3.7/src/install/zed_wrapper/share/zed_wrapper/package.sh'
[202.290s] INFO:colcon.colcon_core.shell:Creating package script '/home/f1tenth/zed-ros2-wrapper-foxy-v3.7/src/install/zed_wrapper/share/zed_wrapper/package.bash'
[202.290s] INFO:colcon.colcon_core.shell:Creating package script '/home/f1tenth/zed-ros2-wrapper-foxy-v3.7/src/install/zed_wrapper/share/zed_wrapper/package.zsh'
[202.291s] Level 1:colcon.colcon_core.environment:create_file_with_runtime_dependencies(/home/f1tenth/zed-ros2-wrapper-foxy-v3.7/src/install/zed_wrapper/share/colcon-core/packages/zed_wrapper)
[202.370s] Level 1:colcon.colcon_core.environment:create_environment_scripts_only(zed_wrapper)
[202.398s] Level 1:colcon.colcon_core.environment:checking '/home/f1tenth/zed-ros2-wrapper-foxy-v3.7/src/install/zed_wrapper' for CMake module files
[202.399s] Level 1:colcon.colcon_core.environment:checking '/home/f1tenth/zed-ros2-wrapper-foxy-v3.7/src/install/zed_wrapper' for CMake config files
[202.399s] Level 1:colcon.colcon_core.shell:create_environment_hook('zed_wrapper', 'cmake_prefix_path')
[202.425s] INFO:colcon.colcon_core.shell:Creating environment hook '/home/f1tenth/zed-ros2-wrapper-foxy-v3.7/src/install/zed_wrapper/share/zed_wrapper/hook/cmake_prefix_path.ps1'
[202.427s] INFO:colcon.colcon_core.shell:Creating environment descriptor '/home/f1tenth/zed-ros2-wrapper-foxy-v3.7/src/install/zed_wrapper/share/zed_wrapper/hook/cmake_prefix_path.dsv'
[202.427s] INFO:colcon.colcon_core.shell:Creating environment hook '/home/f1tenth/zed-ros2-wrapper-foxy-v3.7/src/install/zed_wrapper/share/zed_wrapper/hook/cmake_prefix_path.sh'
[202.429s] Level 1:colcon.colcon_core.environment:checking '/home/f1tenth/zed-ros2-wrapper-foxy-v3.7/src/install/zed_wrapper/lib'
[202.429s] Level 1:colcon.colcon_core.environment:checking '/home/f1tenth/zed-ros2-wrapper-foxy-v3.7/src/install/zed_wrapper/bin'
[202.429s] Level 1:colcon.colcon_core.environment:checking '/home/f1tenth/zed-ros2-wrapper-foxy-v3.7/src/install/zed_wrapper/lib/pkgconfig/zed_wrapper.pc'
[202.429s] Level 1:colcon.colcon_core.environment:checking '/home/f1tenth/zed-ros2-wrapper-foxy-v3.7/src/install/zed_wrapper/lib/python3.8/site-packages'
[202.430s] Level 1:colcon.colcon_core.environment:checking '/home/f1tenth/zed-ros2-wrapper-foxy-v3.7/src/install/zed_wrapper/bin'
[202.456s] INFO:colcon.colcon_core.shell:Creating package script '/home/f1tenth/zed-ros2-wrapper-foxy-v3.7/src/install/zed_wrapper/share/zed_wrapper/package.ps1'
[202.457s] INFO:colcon.colcon_core.shell:Creating package descriptor '/home/f1tenth/zed-ros2-wrapper-foxy-v3.7/src/install/zed_wrapper/share/zed_wrapper/package.dsv'
[202.458s] INFO:colcon.colcon_core.shell:Creating package script '/home/f1tenth/zed-ros2-wrapper-foxy-v3.7/src/install/zed_wrapper/share/zed_wrapper/package.sh'
[202.459s] INFO:colcon.colcon_core.shell:Creating package script '/home/f1tenth/zed-ros2-wrapper-foxy-v3.7/src/install/zed_wrapper/share/zed_wrapper/package.bash'
[202.460s] INFO:colcon.colcon_core.shell:Creating package script '/home/f1tenth/zed-ros2-wrapper-foxy-v3.7/src/install/zed_wrapper/share/zed_wrapper/package.zsh'
[202.461s] Level 1:colcon.colcon_core.environment:create_file_with_runtime_dependencies(/home/f1tenth/zed-ros2-wrapper-foxy-v3.7/src/install/zed_wrapper/share/colcon-core/packages/zed_wrapper)
[202.462s] INFO:colcon.colcon_ros.task.ament_cmake.build:Building ROS package in '/home/f1tenth/zed-ros2-wrapper-foxy-v3.7/src/zed_ros2' with build type 'ament_cmake'
[202.462s] INFO:colcon.colcon_cmake.task.cmake.build:Building CMake package in '/home/f1tenth/zed-ros2-wrapper-foxy-v3.7/src/zed_ros2'
[202.491s] INFO:colcon.colcon_core.shell:Skip shell extension 'powershell' for command environment: Not usable outside of PowerShell
[202.491s] DEBUG:colcon.colcon_core.shell:Skip shell extension 'dsv' for command environment
[202.572s] DEBUG:colcon.colcon_core.event_handler.log_command:Invoking command in '/home/f1tenth/zed-ros2-wrapper-foxy-v3.7/src/build/zed_ros2': AMENT_PREFIX_PATH=/home/f1tenth/zed-ros2-wrapper-foxy-v3.7/src/install/zed_wrapper:/home/f1tenth/zed-ros2-wrapper-foxy-v3.7/src/install/zed_components:/home/f1tenth/zed-ros2-wrapper-foxy-v3.7/src/install/zed_interfaces:${AMENT_PREFIX_PATH} CMAKE_PREFIX_PATH=/home/f1tenth/zed-ros2-wrapper-foxy-v3.7/src/install/zed_wrapper:/home/f1tenth/zed-ros2-wrapper-foxy-v3.7/src/install/zed_components:/home/f1tenth/zed-ros2-wrapper-foxy-v3.7/src/install/zed_interfaces:/opt/ros/foxy LD_LIBRARY_PATH=/home/f1tenth/zed-ros2-wrapper-foxy-v3.7/src/install/zed_components/lib:/home/f1tenth/zed-ros2-wrapper-foxy-v3.7/src/install/zed_interfaces/lib:/opt/ros/foxy/opt/yaml_cpp_vendor/lib:/opt/ros/foxy/opt/rviz_ogre_vendor/lib:/opt/ros/foxy/lib/aarch64-linux-gnu:/opt/ros/foxy/lib:/usr/local/cuda-11.4/lib64:/usr/local/lib:/usr/local/lib:/usr/local/lib:/usr/local/lib:/usr/local/lib PYTHONPATH=/home/f1tenth/zed-ros2-wrapper-foxy-v3.7/src/install/zed_interfaces/lib/python3.8/site-packages:/opt/ros/foxy/lib/python3.8/site-packages:/usr/lib/python3.8/site-packages/range_libc-0.1-py3.8-linux-aarch64.egg /usr/bin/cmake /home/f1tenth/zed-ros2-wrapper-foxy-v3.7/src/zed_ros2 -DCMAKE_INSTALL_PREFIX=/home/f1tenth/zed-ros2-wrapper-foxy-v3.7/src/install/zed_ros2
[203.381s] DEBUG:colcon.colcon_core.event_handler.log_command:Invoked command in '/home/f1tenth/zed-ros2-wrapper-foxy-v3.7/src/build/zed_ros2' returned '0': AMENT_PREFIX_PATH=/home/f1tenth/zed-ros2-wrapper-foxy-v3.7/src/install/zed_wrapper:/home/f1tenth/zed-ros2-wrapper-foxy-v3.7/src/install/zed_components:/home/f1tenth/zed-ros2-wrapper-foxy-v3.7/src/install/zed_interfaces:${AMENT_PREFIX_PATH} CMAKE_PREFIX_PATH=/home/f1tenth/zed-ros2-wrapper-foxy-v3.7/src/install/zed_wrapper:/home/f1tenth/zed-ros2-wrapper-foxy-v3.7/src/install/zed_components:/home/f1tenth/zed-ros2-wrapper-foxy-v3.7/src/install/zed_interfaces:/opt/ros/foxy LD_LIBRARY_PATH=/home/f1tenth/zed-ros2-wrapper-foxy-v3.7/src/install/zed_components/lib:/home/f1tenth/zed-ros2-wrapper-foxy-v3.7/src/install/zed_interfaces/lib:/opt/ros/foxy/opt/yaml_cpp_vendor/lib:/opt/ros/foxy/opt/rviz_ogre_vendor/lib:/opt/ros/foxy/lib/aarch64-linux-gnu:/opt/ros/foxy/lib:/usr/local/cuda-11.4/lib64:/usr/local/lib:/usr/local/lib:/usr/local/lib:/usr/local/lib:/usr/local/lib PYTHONPATH=/home/f1tenth/zed-ros2-wrapper-foxy-v3.7/src/install/zed_interfaces/lib/python3.8/site-packages:/opt/ros/foxy/lib/python3.8/site-packages:/usr/lib/python3.8/site-packages/range_libc-0.1-py3.8-linux-aarch64.egg /usr/bin/cmake /home/f1tenth/zed-ros2-wrapper-foxy-v3.7/src/zed_ros2 -DCMAKE_INSTALL_PREFIX=/home/f1tenth/zed-ros2-wrapper-foxy-v3.7/src/install/zed_ros2
[203.389s] DEBUG:colcon.colcon_core.event_handler.log_command:Invoking command in '/home/f1tenth/zed-ros2-wrapper-foxy-v3.7/src/build/zed_ros2': AMENT_PREFIX_PATH=/home/f1tenth/zed-ros2-wrapper-foxy-v3.7/src/install/zed_wrapper:/home/f1tenth/zed-ros2-wrapper-foxy-v3.7/src/install/zed_components:/home/f1tenth/zed-ros2-wrapper-foxy-v3.7/src/install/zed_interfaces:${AMENT_PREFIX_PATH} CMAKE_PREFIX_PATH=/home/f1tenth/zed-ros2-wrapper-foxy-v3.7/src/install/zed_wrapper:/home/f1tenth/zed-ros2-wrapper-foxy-v3.7/src/install/zed_components:/home/f1tenth/zed-ros2-wrapper-foxy-v3.7/src/install/zed_interfaces:/opt/ros/foxy LD_LIBRARY_PATH=/home/f1tenth/zed-ros2-wrapper-foxy-v3.7/src/install/zed_components/lib:/home/f1tenth/zed-ros2-wrapper-foxy-v3.7/src/install/zed_interfaces/lib:/opt/ros/foxy/opt/yaml_cpp_vendor/lib:/opt/ros/foxy/opt/rviz_ogre_vendor/lib:/opt/ros/foxy/lib/aarch64-linux-gnu:/opt/ros/foxy/lib:/usr/local/cuda-11.4/lib64:/usr/local/lib:/usr/local/lib:/usr/local/lib:/usr/local/lib:/usr/local/lib PYTHONPATH=/home/f1tenth/zed-ros2-wrapper-foxy-v3.7/src/install/zed_interfaces/lib/python3.8/site-packages:/opt/ros/foxy/lib/python3.8/site-packages:/usr/lib/python3.8/site-packages/range_libc-0.1-py3.8-linux-aarch64.egg /usr/bin/cmake --build /home/f1tenth/zed-ros2-wrapper-foxy-v3.7/src/build/zed_ros2 -- -j6 -l6
[203.475s] DEBUG:colcon.colcon_core.event_handler.log_command:Invoked command in '/home/f1tenth/zed-ros2-wrapper-foxy-v3.7/src/build/zed_ros2' returned '0': AMENT_PREFIX_PATH=/home/f1tenth/zed-ros2-wrapper-foxy-v3.7/src/install/zed_wrapper:/home/f1tenth/zed-ros2-wrapper-foxy-v3.7/src/install/zed_components:/home/f1tenth/zed-ros2-wrapper-foxy-v3.7/src/install/zed_interfaces:${AMENT_PREFIX_PATH} CMAKE_PREFIX_PATH=/home/f1tenth/zed-ros2-wrapper-foxy-v3.7/src/install/zed_wrapper:/home/f1tenth/zed-ros2-wrapper-foxy-v3.7/src/install/zed_components:/home/f1tenth/zed-ros2-wrapper-foxy-v3.7/src/install/zed_interfaces:/opt/ros/foxy LD_LIBRARY_PATH=/home/f1tenth/zed-ros2-wrapper-foxy-v3.7/src/install/zed_components/lib:/home/f1tenth/zed-ros2-wrapper-foxy-v3.7/src/install/zed_interfaces/lib:/opt/ros/foxy/opt/yaml_cpp_vendor/lib:/opt/ros/foxy/opt/rviz_ogre_vendor/lib:/opt/ros/foxy/lib/aarch64-linux-gnu:/opt/ros/foxy/lib:/usr/local/cuda-11.4/lib64:/usr/local/lib:/usr/local/lib:/usr/local/lib:/usr/local/lib:/usr/local/lib PYTHONPATH=/home/f1tenth/zed-ros2-wrapper-foxy-v3.7/src/install/zed_interfaces/lib/python3.8/site-packages:/opt/ros/foxy/lib/python3.8/site-packages:/usr/lib/python3.8/site-packages/range_libc-0.1-py3.8-linux-aarch64.egg /usr/bin/cmake --build /home/f1tenth/zed-ros2-wrapper-foxy-v3.7/src/build/zed_ros2 -- -j6 -l6
[203.530s] DEBUG:colcon.colcon_core.event_handler.log_command:Invoking command in '/home/f1tenth/zed-ros2-wrapper-foxy-v3.7/src/build/zed_ros2': AMENT_PREFIX_PATH=/home/f1tenth/zed-ros2-wrapper-foxy-v3.7/src/install/zed_wrapper:/home/f1tenth/zed-ros2-wrapper-foxy-v3.7/src/install/zed_components:/home/f1tenth/zed-ros2-wrapper-foxy-v3.7/src/install/zed_interfaces:${AMENT_PREFIX_PATH} CMAKE_PREFIX_PATH=/home/f1tenth/zed-ros2-wrapper-foxy-v3.7/src/install/zed_wrapper:/home/f1tenth/zed-ros2-wrapper-foxy-v3.7/src/install/zed_components:/home/f1tenth/zed-ros2-wrapper-foxy-v3.7/src/install/zed_interfaces:/opt/ros/foxy LD_LIBRARY_PATH=/home/f1tenth/zed-ros2-wrapper-foxy-v3.7/src/install/zed_components/lib:/home/f1tenth/zed-ros2-wrapper-foxy-v3.7/src/install/zed_interfaces/lib:/opt/ros/foxy/opt/yaml_cpp_vendor/lib:/opt/ros/foxy/opt/rviz_ogre_vendor/lib:/opt/ros/foxy/lib/aarch64-linux-gnu:/opt/ros/foxy/lib:/usr/local/cuda-11.4/lib64:/usr/local/lib:/usr/local/lib:/usr/local/lib:/usr/local/lib:/usr/local/lib PYTHONPATH=/home/f1tenth/zed-ros2-wrapper-foxy-v3.7/src/install/zed_interfaces/lib/python3.8/site-packages:/opt/ros/foxy/lib/python3.8/site-packages:/usr/lib/python3.8/site-packages/range_libc-0.1-py3.8-linux-aarch64.egg /usr/bin/cmake --install /home/f1tenth/zed-ros2-wrapper-foxy-v3.7/src/build/zed_ros2
[203.556s] Level 1:colcon.colcon_core.environment:create_environment_scripts_only(zed_ros2)
[203.558s] DEBUG:colcon.colcon_core.event_handler.log_command:Invoked command in '/home/f1tenth/zed-ros2-wrapper-foxy-v3.7/src/build/zed_ros2' returned '0': AMENT_PREFIX_PATH=/home/f1tenth/zed-ros2-wrapper-foxy-v3.7/src/install/zed_wrapper:/home/f1tenth/zed-ros2-wrapper-foxy-v3.7/src/install/zed_components:/home/f1tenth/zed-ros2-wrapper-foxy-v3.7/src/install/zed_interfaces:${AMENT_PREFIX_PATH} CMAKE_PREFIX_PATH=/home/f1tenth/zed-ros2-wrapper-foxy-v3.7/src/install/zed_wrapper:/home/f1tenth/zed-ros2-wrapper-foxy-v3.7/src/install/zed_components:/home/f1tenth/zed-ros2-wrapper-foxy-v3.7/src/install/zed_interfaces:/opt/ros/foxy LD_LIBRARY_PATH=/home/f1tenth/zed-ros2-wrapper-foxy-v3.7/src/install/zed_components/lib:/home/f1tenth/zed-ros2-wrapper-foxy-v3.7/src/install/zed_interfaces/lib:/opt/ros/foxy/opt/yaml_cpp_vendor/lib:/opt/ros/foxy/opt/rviz_ogre_vendor/lib:/opt/ros/foxy/lib/aarch64-linux-gnu:/opt/ros/foxy/lib:/usr/local/cuda-11.4/lib64:/usr/local/lib:/usr/local/lib:/usr/local/lib:/usr/local/lib:/usr/local/lib PYTHONPATH=/home/f1tenth/zed-ros2-wrapper-foxy-v3.7/src/install/zed_interfaces/lib/python3.8/site-packages:/opt/ros/foxy/lib/python3.8/site-packages:/usr/lib/python3.8/site-packages/range_libc-0.1-py3.8-linux-aarch64.egg /usr/bin/cmake --install /home/f1tenth/zed-ros2-wrapper-foxy-v3.7/src/build/zed_ros2
[203.600s] Level 1:colcon.colcon_core.environment:checking '/home/f1tenth/zed-ros2-wrapper-foxy-v3.7/src/install/zed_ros2' for CMake module files
[203.601s] Level 1:colcon.colcon_core.environment:checking '/home/f1tenth/zed-ros2-wrapper-foxy-v3.7/src/install/zed_ros2' for CMake config files
[203.601s] Level 1:colcon.colcon_core.shell:create_environment_hook('zed_ros2', 'cmake_prefix_path')
[203.630s] INFO:colcon.colcon_core.shell:Creating environment hook '/home/f1tenth/zed-ros2-wrapper-foxy-v3.7/src/install/zed_ros2/share/zed_ros2/hook/cmake_prefix_path.ps1'
[203.632s] INFO:colcon.colcon_core.shell:Creating environment descriptor '/home/f1tenth/zed-ros2-wrapper-foxy-v3.7/src/install/zed_ros2/share/zed_ros2/hook/cmake_prefix_path.dsv'
[203.632s] INFO:colcon.colcon_core.shell:Creating environment hook '/home/f1tenth/zed-ros2-wrapper-foxy-v3.7/src/install/zed_ros2/share/zed_ros2/hook/cmake_prefix_path.sh'
[203.633s] Level 1:colcon.colcon_core.environment:checking '/home/f1tenth/zed-ros2-wrapper-foxy-v3.7/src/install/zed_ros2/bin'
[203.634s] Level 1:colcon.colcon_core.environment:checking '/home/f1tenth/zed-ros2-wrapper-foxy-v3.7/src/install/zed_ros2/lib/pkgconfig/zed_ros2.pc'
[203.634s] Level 1:colcon.colcon_core.environment:checking '/home/f1tenth/zed-ros2-wrapper-foxy-v3.7/src/install/zed_ros2/lib/python3.8/site-packages'
[203.634s] Level 1:colcon.colcon_core.environment:checking '/home/f1tenth/zed-ros2-wrapper-foxy-v3.7/src/install/zed_ros2/bin'
[203.661s] INFO:colcon.colcon_core.shell:Creating package script '/home/f1tenth/zed-ros2-wrapper-foxy-v3.7/src/install/zed_ros2/share/zed_ros2/package.ps1'
[203.662s] INFO:colcon.colcon_core.shell:Creating package descriptor '/home/f1tenth/zed-ros2-wrapper-foxy-v3.7/src/install/zed_ros2/share/zed_ros2/package.dsv'
[203.663s] INFO:colcon.colcon_core.shell:Creating package script '/home/f1tenth/zed-ros2-wrapper-foxy-v3.7/src/install/zed_ros2/share/zed_ros2/package.sh'
[203.664s] INFO:colcon.colcon_core.shell:Creating package script '/home/f1tenth/zed-ros2-wrapper-foxy-v3.7/src/install/zed_ros2/share/zed_ros2/package.bash'
[203.665s] INFO:colcon.colcon_core.shell:Creating package script '/home/f1tenth/zed-ros2-wrapper-foxy-v3.7/src/install/zed_ros2/share/zed_ros2/package.zsh'
[203.665s] Level 1:colcon.colcon_core.environment:create_file_with_runtime_dependencies(/home/f1tenth/zed-ros2-wrapper-foxy-v3.7/src/install/zed_ros2/share/colcon-core/packages/zed_ros2)
[203.739s] Level 1:colcon.colcon_core.environment:create_environment_scripts_only(zed_ros2)
[203.766s] Level 1:colcon.colcon_core.environment:checking '/home/f1tenth/zed-ros2-wrapper-foxy-v3.7/src/install/zed_ros2' for CMake module files
[203.767s] Level 1:colcon.colcon_core.environment:checking '/home/f1tenth/zed-ros2-wrapper-foxy-v3.7/src/install/zed_ros2' for CMake config files
[203.767s] Level 1:colcon.colcon_core.shell:create_environment_hook('zed_ros2', 'cmake_prefix_path')
[203.794s] INFO:colcon.colcon_core.shell:Creating environment hook '/home/f1tenth/zed-ros2-wrapper-foxy-v3.7/src/install/zed_ros2/share/zed_ros2/hook/cmake_prefix_path.ps1'
[203.795s] INFO:colcon.colcon_core.shell:Creating environment descriptor '/home/f1tenth/zed-ros2-wrapper-foxy-v3.7/src/install/zed_ros2/share/zed_ros2/hook/cmake_prefix_path.dsv'
[203.796s] INFO:colcon.colcon_core.shell:Creating environment hook '/home/f1tenth/zed-ros2-wrapper-foxy-v3.7/src/install/zed_ros2/share/zed_ros2/hook/cmake_prefix_path.sh'
[203.797s] Level 1:colcon.colcon_core.environment:checking '/home/f1tenth/zed-ros2-wrapper-foxy-v3.7/src/install/zed_ros2/bin'
[203.797s] Level 1:colcon.colcon_core.environment:checking '/home/f1tenth/zed-ros2-wrapper-foxy-v3.7/src/install/zed_ros2/lib/pkgconfig/zed_ros2.pc'
[203.797s] Level 1:colcon.colcon_core.environment:checking '/home/f1tenth/zed-ros2-wrapper-foxy-v3.7/src/install/zed_ros2/lib/python3.8/site-packages'
[203.798s] Level 1:colcon.colcon_core.environment:checking '/home/f1tenth/zed-ros2-wrapper-foxy-v3.7/src/install/zed_ros2/bin'
[203.825s] INFO:colcon.colcon_core.shell:Creating package script '/home/f1tenth/zed-ros2-wrapper-foxy-v3.7/src/install/zed_ros2/share/zed_ros2/package.ps1'
[203.826s] INFO:colcon.colcon_core.shell:Creating package descriptor '/home/f1tenth/zed-ros2-wrapper-foxy-v3.7/src/install/zed_ros2/share/zed_ros2/package.dsv'
[203.827s] INFO:colcon.colcon_core.shell:Creating package script '/home/f1tenth/zed-ros2-wrapper-foxy-v3.7/src/install/zed_ros2/share/zed_ros2/package.sh'
[203.828s] INFO:colcon.colcon_core.shell:Creating package script '/home/f1tenth/zed-ros2-wrapper-foxy-v3.7/src/install/zed_ros2/share/zed_ros2/package.bash'
[203.828s] INFO:colcon.colcon_core.shell:Creating package script '/home/f1tenth/zed-ros2-wrapper-foxy-v3.7/src/install/zed_ros2/share/zed_ros2/package.zsh'
[203.829s] Level 1:colcon.colcon_core.environment:create_file_with_runtime_dependencies(/home/f1tenth/zed-ros2-wrapper-foxy-v3.7/src/install/zed_ros2/share/colcon-core/packages/zed_ros2)
[203.830s] DEBUG:colcon.colcon_parallel_executor.executor.parallel:closing loop
[203.831s] DEBUG:colcon.colcon_parallel_executor.executor.parallel:loop closed
[203.831s] DEBUG:colcon.colcon_parallel_executor.executor.parallel:run_until_complete finished with '0'
[203.831s] DEBUG:colcon.colcon_core.event_reactor:joining thread
[203.872s] INFO:colcon.colcon_core.plugin_system:Skipping extension 'colcon_notification.desktop_notification.terminal_notifier': Not used on non-Darwin systems
[203.872s] INFO:colcon.colcon_core.plugin_system:Skipping extension 'colcon_notification.desktop_notification.win32': Not used on non-Windows systems
[203.872s] INFO:colcon.colcon_notification.desktop_notification:Sending desktop notification using 'notify2'
[203.907s] DEBUG:colcon.colcon_core.event_reactor:joined thread
[203.935s] INFO:colcon.colcon_core.shell:Creating prefix script '/home/f1tenth/zed-ros2-wrapper-foxy-v3.7/src/install/local_setup.ps1'
[203.937s] INFO:colcon.colcon_core.shell:Creating prefix util module '/home/f1tenth/zed-ros2-wrapper-foxy-v3.7/src/install/_local_setup_util_ps1.py'
[203.940s] INFO:colcon.colcon_core.shell:Creating prefix chain script '/home/f1tenth/zed-ros2-wrapper-foxy-v3.7/src/install/setup.ps1'
[203.968s] INFO:colcon.colcon_core.shell:Creating prefix script '/home/f1tenth/zed-ros2-wrapper-foxy-v3.7/src/install/local_setup.sh'
[203.970s] INFO:colcon.colcon_core.shell:Creating prefix util module '/home/f1tenth/zed-ros2-wrapper-foxy-v3.7/src/install/_local_setup_util_sh.py'
[203.970s] INFO:colcon.colcon_core.shell:Creating prefix chain script '/home/f1tenth/zed-ros2-wrapper-foxy-v3.7/src/install/setup.sh'
[204.000s] INFO:colcon.colcon_core.shell:Creating prefix script '/home/f1tenth/zed-ros2-wrapper-foxy-v3.7/src/install/local_setup.bash'
[204.001s] INFO:colcon.colcon_core.shell:Creating prefix chain script '/home/f1tenth/zed-ros2-wrapper-foxy-v3.7/src/install/setup.bash'
[204.029s] INFO:colcon.colcon_core.shell:Creating prefix script '/home/f1tenth/zed-ros2-wrapper-foxy-v3.7/src/install/local_setup.zsh'
[204.030s] INFO:colcon.colcon_core.shell:Creating prefix chain script '/home/f1tenth/zed-ros2-wrapper-foxy-v3.7/src/install/setup.zsh'
